#
# There is insufficient memory for the Java Runtime Environment to continue.
# Native memory allocation (malloc) failed to allocate 32744 bytes for ChunkPool::allocate
# Possible reasons:
#   The system is out of physical RAM or swap space
#   The process is running with CompressedOops enabled, and the Java Heap may be blocking the growth of the native heap
# Possible solutions:
#   Reduce memory load on the system
#   Increase physical memory or swap space
#   Check if swap backing store is full
#   Decrease Java heap size (-Xmx/-Xms)
#   Decrease number of Java threads
#   Decrease Java thread stack sizes (-Xss)
#   Set larger code cache with -XX:ReservedCodeCacheSize=
#   JVM is running with Unscaled Compressed Oops mode in which the Java heap is
#     placed in the first 4GB address space. The Java Heap base address is the
#     maximum limit for the native heap growth. Please use -XX:HeapBaseMinAddress
#     to set the Java Heap base and to place the Java Heap above 4GB virtual address.
# This output file may be truncated or incomplete.
#
#  Out of Memory Error (./open/src/hotspot/share/memory/arena.cpp:79), pid=9668, tid=7120
#
# JRE version: OpenJDK Runtime Environment (15.0+36) (build 15+36-1562)
# Java VM: OpenJDK 64-Bit Server VM (15+36-1562, mixed mode, tiered, compressed oops, g1 gc, windows-amd64)
# No core dump will be written. Minidumps are not enabled by default on client versions of Windows
#

---------------  S U M M A R Y ------------

Command Line: -Dfile.encoding=UTF-8 -XX:+ShowCodeDetailsInExceptionMessages com.capge.employeepayroll.EmployeePayrollApplication

Host: Intel(R) Core(TM) i5-8250U CPU @ 1.60GHz, 8 cores, 3G,  Windows 10 , 64 bit Build 19041 (10.0.19041.662)
Time: Tue Dec 22 15:41:36 2020 India Standard Time elapsed time: 362.836252 seconds (0d 0h 6m 2s)

---------------  T H R E A D  ---------------

Current thread (0x000001ac9d6a48e0):  JavaThread "C2 CompilerThread0" daemon [_thread_in_native, id=7120, stack(0x0000005066000000,0x0000005066100000)]


Current CompileTask:
C2: 362837 5601       4       java.util.Properties::saveConvert (434 bytes)

Stack: [0x0000005066000000,0x0000005066100000]
Native frames: (J=compiled Java code, j=interpreted, Vv=VM code, C=native code)
V  [jvm.dll+0x629eaa]
V  [jvm.dll+0x780379]
V  [jvm.dll+0x781ad3]
V  [jvm.dll+0x782133]
V  [jvm.dll+0x2159d5]
V  [jvm.dll+0x97cdf]
V  [jvm.dll+0x97abd]
V  [jvm.dll+0x608b94]
V  [jvm.dll+0x6542ea]
V  [jvm.dll+0x18ddfd]
V  [jvm.dll+0x1e9ef2]
V  [jvm.dll+0x1e903e]
V  [jvm.dll+0x177f17]
V  [jvm.dll+0x1f88f5]
V  [jvm.dll+0x1f699c]
V  [jvm.dll+0x74384d]
V  [jvm.dll+0x73c64a]
V  [jvm.dll+0x628d16]
C  [ucrtbase.dll+0x214c2]
C  [KERNEL32.DLL+0x17034]
C  [ntdll.dll+0x4d0d1]


---------------  P R O C E S S  ---------------

Threads class SMR info:
_java_thread_list=0x000001aca1ebc9a0, length=31, elements={
0x000001ac9d686130, 0x000001ac9d6874a0, 0x000001ac9d674680, 0x000001ac9dfb9470,
0x000001ac9d69f7b0, 0x000001ac9d6a48e0, 0x000001ac9d6a8410, 0x000001ac9dff3fe0,
0x000001ac9e111f70, 0x000001ac9e12dc30, 0x000001ac9ef165d0, 0x000001ac9ef16aa0,
0x000001ac9ef15290, 0x000001aca1b106e0, 0x000001aca1b10bb0, 0x000001aca1b11080,
0x000001aca1b13bd0, 0x000001aca1b0f3a0, 0x000001aca1b140a0, 0x000001aca1b0ea00,
0x000001aca1b12890, 0x000001aca1b11550, 0x000001aca1b11a20, 0x000001aca1b0eed0,
0x000001aca1b0fd40, 0x000001aca1b11ef0, 0x000001aca1b14a40, 0x000001aca1b0f870,
0x000001aca1b10210, 0x000001aca1b14f10, 0x000001aca1b13230
}

Java Threads: ( => current thread )
  0x000001ac9d686130 JavaThread "Reference Handler" daemon [_thread_blocked, id=16196, stack(0x0000005065b00000,0x0000005065c00000)]
  0x000001ac9d6874a0 JavaThread "Finalizer" daemon [_thread_blocked, id=11288, stack(0x0000005065c00000,0x0000005065d00000)]
  0x000001ac9d674680 JavaThread "Signal Dispatcher" daemon [_thread_blocked, id=14116, stack(0x0000005065d00000,0x0000005065e00000)]
  0x000001ac9dfb9470 JavaThread "Attach Listener" daemon [_thread_blocked, id=5984, stack(0x0000005065e00000,0x0000005065f00000)]
  0x000001ac9d69f7b0 JavaThread "Service Thread" daemon [_thread_blocked, id=6456, stack(0x0000005065f00000,0x0000005066000000)]
=>0x000001ac9d6a48e0 JavaThread "C2 CompilerThread0" daemon [_thread_in_native, id=7120, stack(0x0000005066000000,0x0000005066100000)]
  0x000001ac9d6a8410 JavaThread "C1 CompilerThread0" daemon [_thread_blocked, id=12068, stack(0x0000005066100000,0x0000005066200000)]
  0x000001ac9dff3fe0 JavaThread "Sweeper thread" daemon [_thread_blocked, id=5320, stack(0x0000005066200000,0x0000005066300000)]
  0x000001ac9e111f70 JavaThread "Notification Thread" daemon [_thread_blocked, id=13196, stack(0x0000005066300000,0x0000005066400000)]
  0x000001ac9e12dc30 JavaThread "Common-Cleaner" daemon [_thread_blocked, id=9036, stack(0x0000005066500000,0x0000005066600000)]
  0x000001ac9ef165d0 JavaThread "mysql-cj-abandoned-connection-cleanup" daemon [_thread_blocked, id=9264, stack(0x0000005066900000,0x0000005066a00000)]
  0x000001ac9ef16aa0 JavaThread "HikariPool-1 housekeeper" daemon [_thread_blocked, id=18364, stack(0x0000005067200000,0x0000005067300000)]
  0x000001ac9ef15290 JavaThread "Catalina-utility-1" [_thread_blocked, id=5976, stack(0x0000005067300000,0x0000005067400000)]
  0x000001aca1b106e0 JavaThread "Catalina-utility-2" [_thread_blocked, id=11844, stack(0x0000005067400000,0x0000005067500000)]
  0x000001aca1b10bb0 JavaThread "container-0" [_thread_blocked, id=10148, stack(0x0000005067500000,0x0000005067600000)]
  0x000001aca1b11080 JavaThread "File Watcher" daemon [_thread_blocked, id=2140, stack(0x0000005067800000,0x0000005067900000)]
  0x000001aca1b13bd0 JavaThread "Live Reload Server" daemon [_thread_in_native, id=16332, stack(0x0000005067a00000,0x0000005067b00000)]
  0x000001aca1b0f3a0 JavaThread "http-nio-8080-BlockPoller" daemon [_thread_in_native, id=8840, stack(0x0000005067900000,0x0000005067a00000)]
  0x000001aca1b140a0 JavaThread "http-nio-8080-exec-1" daemon [_thread_blocked, id=3156, stack(0x0000005067b00000,0x0000005067c00000)]
  0x000001aca1b0ea00 JavaThread "http-nio-8080-exec-2" daemon [_thread_blocked, id=17912, stack(0x0000005067c00000,0x0000005067d00000)]
  0x000001aca1b12890 JavaThread "http-nio-8080-exec-3" daemon [_thread_blocked, id=5724, stack(0x0000005067d00000,0x0000005067e00000)]
  0x000001aca1b11550 JavaThread "http-nio-8080-exec-4" daemon [_thread_blocked, id=18184, stack(0x0000005067e00000,0x0000005067f00000)]
  0x000001aca1b11a20 JavaThread "http-nio-8080-exec-5" daemon [_thread_blocked, id=18168, stack(0x0000005067f00000,0x0000005068000000)]
  0x000001aca1b0eed0 JavaThread "http-nio-8080-exec-6" daemon [_thread_blocked, id=4560, stack(0x0000005068000000,0x0000005068100000)]
  0x000001aca1b0fd40 JavaThread "http-nio-8080-exec-7" daemon [_thread_blocked, id=11624, stack(0x0000005068100000,0x0000005068200000)]
  0x000001aca1b11ef0 JavaThread "http-nio-8080-exec-8" daemon [_thread_blocked, id=12008, stack(0x0000005068200000,0x0000005068300000)]
  0x000001aca1b14a40 JavaThread "http-nio-8080-exec-9" daemon [_thread_blocked, id=17484, stack(0x0000005068300000,0x0000005068400000)]
  0x000001aca1b0f870 JavaThread "http-nio-8080-exec-10" daemon [_thread_blocked, id=17792, stack(0x0000005068400000,0x0000005068500000)]
  0x000001aca1b10210 JavaThread "http-nio-8080-ClientPoller" daemon [_thread_in_native, id=11444, stack(0x0000005068500000,0x0000005068600000)]
  0x000001aca1b14f10 JavaThread "http-nio-8080-Acceptor" daemon [_thread_in_native, id=10940, stack(0x0000005068600000,0x0000005068700000)]
  0x000001aca1b13230 JavaThread "DestroyJavaVM" [_thread_blocked, id=2396, stack(0x0000005065400000,0x0000005065500000)]

Other Threads:
  0x000001ac9d64ec70 VMThread "VM Thread" [stack: 0x0000005065a00000,0x0000005065b00000] [id=3688]
  0x000001ac9e112ff0 WatcherThread [stack: 0x0000005066400000,0x0000005066500000] [id=7340]
  0x000001ac859cbed0 GCTaskThread "GC Thread#0" [stack: 0x0000005065500000,0x0000005065600000] [id=9644]
  0x000001ac9e15dd30 GCTaskThread "GC Thread#1" [stack: 0x0000005066600000,0x0000005066700000] [id=584]
  0x000001ac9e15b6f0 GCTaskThread "GC Thread#2" [stack: 0x0000005066a00000,0x0000005066b00000] [id=7788]
  0x000001ac9e15b3c0 GCTaskThread "GC Thread#3" [stack: 0x0000005066b00000,0x0000005066c00000] [id=4424]
  0x000001ac9e15c3b0 GCTaskThread "GC Thread#4" [stack: 0x0000005066c00000,0x0000005066d00000] [id=6700]
  0x000001ac9e15c6e0 GCTaskThread "GC Thread#5" [stack: 0x0000005066d00000,0x0000005066e00000] [id=17740]
  0x000001ac9e15ca10 GCTaskThread "GC Thread#6" [stack: 0x0000005066e00000,0x0000005066f00000] [id=6084]
  0x000001ac9e15ba20 GCTaskThread "GC Thread#7" [stack: 0x0000005066f00000,0x0000005067000000] [id=18004]
  0x000001ac859d6390 ConcurrentGCThread "G1 Main Marker" [stack: 0x0000005065600000,0x0000005065700000] [id=14452]
  0x000001ac859d6d40 ConcurrentGCThread "G1 Conc#0" [stack: 0x0000005065700000,0x0000005065800000] [id=14040]
  0x000001ac9e15d070 ConcurrentGCThread "G1 Conc#1" [stack: 0x0000005067000000,0x0000005067100000] [id=7484]
  0x000001ac85a3a2e0 ConcurrentGCThread "G1 Refine#0" [stack: 0x0000005065800000,0x0000005065900000] [id=7992]
  0x000001ac85a3aca0 ConcurrentGCThread "G1 Young RemSet Sampling" [stack: 0x0000005065900000,0x0000005065a00000] [id=16324]

Threads with active compile tasks:
C2 CompilerThread0   362950 5601       4       java.util.Properties::saveConvert (434 bytes)

VM state: not at safepoint (normal execution)

VM Mutex/Monitor currently owned by a thread: None

Heap address: 0x00000000c1800000, size: 1000 MB, Compressed Oops mode: 32-bit
CDS disabled.
Compressed class space mapped at: 0x0000000100000000-0x0000000140000000, size: 1073741824
Narrow klass base: 0x0000000000000000, Narrow klass shift: 3, Narrow klass range: 0x140000000

GC Precious Log:
 CPUs: 8 total, 8 available
 Memory: 3993M
 Large Page Support: Disabled
 NUMA Support: Disabled
 Compressed Oops: Enabled (32-bit)
 Heap Region Size: 1M
 Heap Min Capacity: 8M
 Heap Initial Capacity: 64M
 Heap Max Capacity: 1000M
 Pre-touch: Disabled
 Parallel Workers: 8
 Concurrent Workers: 2
 Concurrent Refinement Workers: 8
 Periodic GC: Disabled

Heap:
 garbage-first heap   total 61440K, used 37879K [0x00000000c1800000, 0x0000000100000000)
  region size 1024K, 10 young (10240K), 2 survivors (2048K)
 Metaspace       used 69308K, capacity 69877K, committed 69936K, reserved 1110016K
  class space    used 8599K, capacity 8813K, committed 8832K, reserved 1048576K

Heap Regions: E=young(eden), S=young(survivor), O=old, HS=humongous(starts), HC=humongous(continues), CS=collection set, F=free, OA=open archive, CA=closed archive, TAMS=top-at-mark-start (previous, next)
|   0|0x00000000c1800000, 0x00000000c1900000, 0x00000000c1900000|100%|HS|  |TAMS 0x00000000c1900000, 0x00000000c1800000| Complete 
|   1|0x00000000c1900000, 0x00000000c1a00000, 0x00000000c1a00000|100%| O|  |TAMS 0x00000000c1a00000, 0x00000000c1900000| Untracked 
|   2|0x00000000c1a00000, 0x00000000c1b00000, 0x00000000c1b00000|100%| O|  |TAMS 0x00000000c1b00000, 0x00000000c1a00000| Untracked 
|   3|0x00000000c1b00000, 0x00000000c1c00000, 0x00000000c1c00000|100%| O|  |TAMS 0x00000000c1c00000, 0x00000000c1b00000| Untracked 
|   4|0x00000000c1c00000, 0x00000000c1d00000, 0x00000000c1d00000|100%| O|  |TAMS 0x00000000c1d00000, 0x00000000c1c00000| Untracked 
|   5|0x00000000c1d00000, 0x00000000c1e00000, 0x00000000c1e00000|100%| O|  |TAMS 0x00000000c1e00000, 0x00000000c1d00000| Untracked 
|   6|0x00000000c1e00000, 0x00000000c1eb0a00, 0x00000000c1f00000| 68%| O|  |TAMS 0x00000000c1eb0a00, 0x00000000c1e00000| Untracked 
|   7|0x00000000c1f00000, 0x00000000c2000000, 0x00000000c2000000|100%| O|  |TAMS 0x00000000c2000000, 0x00000000c1f00000| Untracked 
|   8|0x00000000c2000000, 0x00000000c2100000, 0x00000000c2100000|100%| O|  |TAMS 0x00000000c2100000, 0x00000000c2000000| Untracked 
|   9|0x00000000c2100000, 0x00000000c2200000, 0x00000000c2200000|100%| O|  |TAMS 0x00000000c2200000, 0x00000000c2100000| Untracked 
|  10|0x00000000c2200000, 0x00000000c2300000, 0x00000000c2300000|100%| O|  |TAMS 0x00000000c2300000, 0x00000000c2200000| Untracked 
|  11|0x00000000c2300000, 0x00000000c2400000, 0x00000000c2400000|100%| O|  |TAMS 0x00000000c2400000, 0x00000000c2300000| Untracked 
|  12|0x00000000c2400000, 0x00000000c2500000, 0x00000000c2500000|100%| O|  |TAMS 0x00000000c2500000, 0x00000000c2400000| Untracked 
|  13|0x00000000c2500000, 0x00000000c2600000, 0x00000000c2600000|100%| O|  |TAMS 0x00000000c2600000, 0x00000000c2500000| Untracked 
|  14|0x00000000c2600000, 0x00000000c2700000, 0x00000000c2700000|100%| O|  |TAMS 0x00000000c2700000, 0x00000000c2600000| Untracked 
|  15|0x00000000c2700000, 0x00000000c2800000, 0x00000000c2800000|100%| O|  |TAMS 0x00000000c2800000, 0x00000000c2700000| Untracked 
|  16|0x00000000c2800000, 0x00000000c2900000, 0x00000000c2900000|100%| O|  |TAMS 0x00000000c2900000, 0x00000000c2800000| Untracked 
|  17|0x00000000c2900000, 0x00000000c2a00000, 0x00000000c2a00000|100%| O|  |TAMS 0x00000000c2a00000, 0x00000000c2900000| Untracked 
|  18|0x00000000c2a00000, 0x00000000c2b00000, 0x00000000c2b00000|100%| O|  |TAMS 0x00000000c2b00000, 0x00000000c2a00000| Untracked 
|  19|0x00000000c2b00000, 0x00000000c2c00000, 0x00000000c2c00000|100%| O|  |TAMS 0x00000000c2c00000, 0x00000000c2b00000| Untracked 
|  20|0x00000000c2c00000, 0x00000000c2d00000, 0x00000000c2d00000|100%| O|  |TAMS 0x00000000c2d00000, 0x00000000c2c00000| Untracked 
|  21|0x00000000c2d00000, 0x00000000c2e00000, 0x00000000c2e00000|100%| O|  |TAMS 0x00000000c2e00000, 0x00000000c2d00000| Untracked 
|  22|0x00000000c2e00000, 0x00000000c2f00000, 0x00000000c2f00000|100%| O|  |TAMS 0x00000000c2f00000, 0x00000000c2e00000| Untracked 
|  23|0x00000000c2f00000, 0x00000000c3000000, 0x00000000c3000000|100%| O|  |TAMS 0x00000000c3000000, 0x00000000c2f00000| Untracked 
|  24|0x00000000c3000000, 0x00000000c3100000, 0x00000000c3100000|100%| O|  |TAMS 0x00000000c3100000, 0x00000000c3000000| Untracked 
|  25|0x00000000c3100000, 0x00000000c3200000, 0x00000000c3200000|100%| O|  |TAMS 0x00000000c3200000, 0x00000000c3100000| Untracked 
|  26|0x00000000c3200000, 0x00000000c3300000, 0x00000000c3300000|100%| O|  |TAMS 0x00000000c3300000, 0x00000000c3200000| Untracked 
|  27|0x00000000c3300000, 0x00000000c3400000, 0x00000000c3400000|100%| O|  |TAMS 0x00000000c335c600, 0x00000000c3300000| Untracked 
|  28|0x00000000c3400000, 0x00000000c344d400, 0x00000000c3500000| 30%| O|  |TAMS 0x00000000c3400000, 0x00000000c3400000| Untracked 
|  29|0x00000000c3500000, 0x00000000c3500000, 0x00000000c3600000|  0%| F|  |TAMS 0x00000000c3500000, 0x00000000c3500000| Untracked 
|  30|0x00000000c3600000, 0x00000000c3600000, 0x00000000c3700000|  0%| F|  |TAMS 0x00000000c3600000, 0x00000000c3600000| Untracked 
|  31|0x00000000c3700000, 0x00000000c3700000, 0x00000000c3800000|  0%| F|  |TAMS 0x00000000c3700000, 0x00000000c3700000| Untracked 
|  32|0x00000000c3800000, 0x00000000c3800000, 0x00000000c3900000|  0%| F|  |TAMS 0x00000000c3800000, 0x00000000c3800000| Untracked 
|  33|0x00000000c3900000, 0x00000000c3900000, 0x00000000c3a00000|  0%| F|  |TAMS 0x00000000c3900000, 0x00000000c3900000| Untracked 
|  34|0x00000000c3a00000, 0x00000000c3a00000, 0x00000000c3b00000|  0%| F|  |TAMS 0x00000000c3a00000, 0x00000000c3a00000| Untracked 
|  35|0x00000000c3b00000, 0x00000000c3b00000, 0x00000000c3c00000|  0%| F|  |TAMS 0x00000000c3b00000, 0x00000000c3b00000| Untracked 
|  36|0x00000000c3c00000, 0x00000000c3c00000, 0x00000000c3d00000|  0%| F|  |TAMS 0x00000000c3c00000, 0x00000000c3c00000| Untracked 
|  37|0x00000000c3d00000, 0x00000000c3e00000, 0x00000000c3e00000|100%| S|CS|TAMS 0x00000000c3d00000, 0x00000000c3d00000| Complete 
|  38|0x00000000c3e00000, 0x00000000c3f00000, 0x00000000c3f00000|100%| S|CS|TAMS 0x00000000c3e00000, 0x00000000c3e00000| Complete 
|  39|0x00000000c3f00000, 0x00000000c3f00000, 0x00000000c4000000|  0%| F|  |TAMS 0x00000000c3f00000, 0x00000000c3f00000| Untracked 
|  40|0x00000000c4000000, 0x00000000c4000000, 0x00000000c4100000|  0%| F|  |TAMS 0x00000000c4000000, 0x00000000c4000000| Untracked 
|  41|0x00000000c4100000, 0x00000000c4100000, 0x00000000c4200000|  0%| F|  |TAMS 0x00000000c4100000, 0x00000000c4100000| Untracked 
|  42|0x00000000c4200000, 0x00000000c4200000, 0x00000000c4300000|  0%| F|  |TAMS 0x00000000c4200000, 0x00000000c4200000| Untracked 
|  43|0x00000000c4300000, 0x00000000c4300000, 0x00000000c4400000|  0%| F|  |TAMS 0x00000000c4300000, 0x00000000c4300000| Untracked 
|  44|0x00000000c4400000, 0x00000000c4400000, 0x00000000c4500000|  0%| F|  |TAMS 0x00000000c4400000, 0x00000000c4400000| Untracked 
|  45|0x00000000c4500000, 0x00000000c4500000, 0x00000000c4600000|  0%| F|  |TAMS 0x00000000c4500000, 0x00000000c4500000| Untracked 
|  46|0x00000000c4600000, 0x00000000c4600000, 0x00000000c4700000|  0%| F|  |TAMS 0x00000000c4600000, 0x00000000c4600000| Untracked 
|  47|0x00000000c4700000, 0x00000000c4700000, 0x00000000c4800000|  0%| F|  |TAMS 0x00000000c4700000, 0x00000000c4700000| Untracked 
|  48|0x00000000c4800000, 0x00000000c4800000, 0x00000000c4900000|  0%| F|  |TAMS 0x00000000c4800000, 0x00000000c4800000| Untracked 
|  49|0x00000000c4900000, 0x00000000c4900000, 0x00000000c4a00000|  0%| F|  |TAMS 0x00000000c4900000, 0x00000000c4900000| Untracked 
|  50|0x00000000c4a00000, 0x00000000c4a00000, 0x00000000c4b00000|  0%| F|  |TAMS 0x00000000c4a00000, 0x00000000c4a00000| Untracked 
|  51|0x00000000c4b00000, 0x00000000c4b00000, 0x00000000c4c00000|  0%| F|  |TAMS 0x00000000c4b00000, 0x00000000c4b00000| Untracked 
|  52|0x00000000c4c00000, 0x00000000c4c479e0, 0x00000000c4d00000| 27%| E|  |TAMS 0x00000000c4c00000, 0x00000000c4c00000| Complete 
|  53|0x00000000c4d00000, 0x00000000c4e00000, 0x00000000c4e00000|100%| E|CS|TAMS 0x00000000c4d00000, 0x00000000c4d00000| Complete 
|  54|0x00000000c4e00000, 0x00000000c4f00000, 0x00000000c4f00000|100%| E|CS|TAMS 0x00000000c4e00000, 0x00000000c4e00000| Complete 
|  55|0x00000000c4f00000, 0x00000000c5000000, 0x00000000c5000000|100%| E|CS|TAMS 0x00000000c4f00000, 0x00000000c4f00000| Complete 
|  56|0x00000000c5000000, 0x00000000c5100000, 0x00000000c5100000|100%| E|CS|TAMS 0x00000000c5000000, 0x00000000c5000000| Complete 
|  57|0x00000000c5100000, 0x00000000c5200000, 0x00000000c5200000|100%| E|CS|TAMS 0x00000000c5100000, 0x00000000c5100000| Complete 
|  58|0x00000000c5200000, 0x00000000c5300000, 0x00000000c5300000|100%| E|CS|TAMS 0x00000000c5200000, 0x00000000c5200000| Complete 
|  63|0x00000000c5700000, 0x00000000c5800000, 0x00000000c5800000|100%| E|CS|TAMS 0x00000000c5700000, 0x00000000c5700000| Complete 

Card table byte_map: [0x000001ac988e0000,0x000001ac98ae0000] _byte_map_base: 0x000001ac982d4000

Marking Bits (Prev, Next): (CMBitMap*) 0x000001ac859cd490, (CMBitMap*) 0x000001ac859cd4d0
 Prev Bits: [0x000001ac98ce0000, 0x000001ac99c80000)
 Next Bits: [0x000001ac99c80000, 0x000001ac9ac20000)

Polling page: 0x000001ac83970000

Metaspace:

Usage:
  Non-class:     59.63 MB capacity,    59.29 MB (>99%) used,   271.44 KB ( <1%) free+waste,    83.00 KB ( <1%) overhead. 
      Class:      8.61 MB capacity,     8.40 MB ( 98%) used,   183.98 KB (  2%) free+waste,    29.88 KB ( <1%) overhead. 
       Both:     68.24 MB capacity,    67.68 MB (>99%) used,   455.42 KB ( <1%) free+waste,   112.88 KB ( <1%) overhead. 

Virtual space:
  Non-class space:       60.00 MB reserved,      59.67 MB (>99%) committed 
      Class space:        1.00 GB reserved,       8.62 MB ( <1%) committed 
             Both:        1.06 GB reserved,      68.30 MB (  6%) committed 

Chunk freelists:
   Non-Class:  40.00 KB
       Class:  19.00 KB
        Both:  59.00 KB

MaxMetaspaceSize: 17179869184.00 GB
CompressedClassSpaceSize: 1.00 GB

CodeHeap 'non-profiled nmethods': size=120000Kb used=2702Kb max_used=2702Kb free=117297Kb
 bounds [0x000001ac90e80000, 0x000001ac91130000, 0x000001ac983b0000]
CodeHeap 'profiled nmethods': size=120000Kb used=11031Kb max_used=11031Kb free=108968Kb
 bounds [0x000001ac89950000, 0x000001ac8a420000, 0x000001ac90e80000]
CodeHeap 'non-nmethods': size=5760Kb used=1329Kb max_used=1395Kb free=4430Kb
 bounds [0x000001ac893b0000, 0x000001ac89620000, 0x000001ac89950000]
 total_blobs=6151 nmethods=5524 adapters=538
 compilation: enabled
              stopped_count=0, restarted_count=0
 full_count=0

Compilation events (20 events):
Event: 335.819 Thread 0x000001ac9d6a48e0 nmethod 5595 0x000001ac91120a90 code [0x000001ac91120c20, 0x000001ac91120f08]
Event: 346.643 Thread 0x000001ac9d6a8410 5596       1       java.util.EventObject::getSource (5 bytes)
Event: 346.643 Thread 0x000001ac9d6a8410 nmethod 5596 0x000001ac91121110 code [0x000001ac911212a0, 0x000001ac91121358]
Event: 356.132 Thread 0x000001ac9d6a48e0 5597       4       org.springframework.boot.devtools.filewatch.FileSnapshot::<init> (64 bytes)
Event: 356.168 Thread 0x000001ac9d6a48e0 nmethod 5597 0x000001ac91121410 code [0x000001ac91121640, 0x000001ac911226f0]
Event: 356.655 Thread 0x000001ac9d6a8410 5598       3       org.apache.catalina.webresources.Cache$EvictionOrder::compare (13 bytes)
Event: 356.661 Thread 0x000001ac9d6a8410 nmethod 5598 0x000001ac8a414610 code [0x000001ac8a4147c0, 0x000001ac8a414ac8]
Event: 356.661 Thread 0x000001ac9d6a8410 5599       3       org.apache.catalina.webresources.Cache$EvictionOrder::compare (31 bytes)
Event: 356.662 Thread 0x000001ac9d6a8410 nmethod 5599 0x000001ac8a414b90 code [0x000001ac8a414d40, 0x000001ac8a414f78]
Event: 362.611 Thread 0x000001ac9d6a48e0 5600       4       java.util.concurrent.ConcurrentHashMap$EntryIterator::next (5 bytes)
Event: 362.630 Thread 0x000001ac9d6a48e0 nmethod 5600 0x000001ac91123010 code [0x000001ac911231a0, 0x000001ac911236f8]
Event: 362.630 Thread 0x000001ac9d6a48e0 5601       4       java.util.Properties::saveConvert (434 bytes)
Event: 362.631 Thread 0x000001ac9d6a8410 5603       3       sun.util.calendar.CalendarDate::setHours (20 bytes)
Event: 362.633 Thread 0x000001ac9d6a8410 nmethod 5603 0x000001ac8a415090 code [0x000001ac8a415220, 0x000001ac8a415358]
Event: 362.633 Thread 0x000001ac9d6a8410 5604       3       sun.util.calendar.CalendarDate::setMinutes (20 bytes)
Event: 362.633 Thread 0x000001ac9d6a8410 nmethod 5604 0x000001ac8a415410 code [0x000001ac8a4155a0, 0x000001ac8a4156d8]
Event: 362.633 Thread 0x000001ac9d6a8410 5605       3       sun.util.calendar.CalendarDate::setSeconds (20 bytes)
Event: 362.633 Thread 0x000001ac9d6a8410 nmethod 5605 0x000001ac8a415790 code [0x000001ac8a415920, 0x000001ac8a415a58]
Event: 362.633 Thread 0x000001ac9d6a8410 5606       3       sun.util.calendar.CalendarDate::setMillis (20 bytes)
Event: 362.633 Thread 0x000001ac9d6a8410 nmethod 5606 0x000001ac8a415b10 code [0x000001ac8a415ca0, 0x000001ac8a415dd8]

GC Heap History (20 events):
Event: 5.787 GC heap before
{Heap before GC invocations=16 (full 0):
 garbage-first heap   total 51200K, used 40295K [0x00000000c1800000, 0x0000000100000000)
  region size 1024K, 27 young (27648K), 2 survivors (2048K)
 Metaspace       used 41905K, capacity 42289K, committed 42544K, reserved 1087488K
  class space    used 4806K, capacity 4949K, committed 4992K, reserved 1048576K
}
Event: 5.791 GC heap after
{Heap after GC invocations=17 (full 0):
 garbage-first heap   total 51200K, used 18442K [0x00000000c1800000, 0x0000000100000000)
  region size 1024K, 4 young (4096K), 4 survivors (4096K)
 Metaspace       used 41905K, capacity 42289K, committed 42544K, reserved 1087488K
  class space    used 4806K, capacity 4949K, committed 4992K, reserved 1048576K
}
Event: 6.416 GC heap before
{Heap before GC invocations=17 (full 0):
 garbage-first heap   total 51200K, used 39946K [0x00000000c1800000, 0x0000000100000000)
  region size 1024K, 25 young (25600K), 4 survivors (4096K)
 Metaspace       used 46466K, capacity 46936K, committed 47280K, reserved 1091584K
  class space    used 5379K, capacity 5534K, committed 5632K, reserved 1048576K
}
Event: 6.421 GC heap after
{Heap after GC invocations=18 (full 0):
 garbage-first heap   total 51200K, used 20500K [0x00000000c1800000, 0x0000000100000000)
  region size 1024K, 3 young (3072K), 3 survivors (3072K)
 Metaspace       used 46466K, capacity 46936K, committed 47280K, reserved 1091584K
  class space    used 5379K, capacity 5534K, committed 5632K, reserved 1048576K
}
Event: 6.569 GC heap before
{Heap before GC invocations=18 (full 0):
 garbage-first heap   total 51200K, used 37908K [0x00000000c1800000, 0x0000000100000000)
  region size 1024K, 21 young (21504K), 3 survivors (3072K)
 Metaspace       used 47952K, capacity 48397K, committed 48688K, reserved 1091584K
  class space    used 5513K, capacity 5699K, committed 5760K, reserved 1048576K
}
Event: 6.572 GC heap after
{Heap after GC invocations=19 (full 0):
 garbage-first heap   total 51200K, used 22176K [0x00000000c1800000, 0x0000000100000000)
  region size 1024K, 2 young (2048K), 2 survivors (2048K)
 Metaspace       used 47952K, capacity 48397K, committed 48688K, reserved 1091584K
  class space    used 5513K, capacity 5699K, committed 5760K, reserved 1048576K
}
Event: 6.696 GC heap before
{Heap before GC invocations=19 (full 0):
 garbage-first heap   total 51200K, used 39584K [0x00000000c1800000, 0x0000000100000000)
  region size 1024K, 19 young (19456K), 2 survivors (2048K)
 Metaspace       used 48858K, capacity 49337K, committed 49584K, reserved 1093632K
  class space    used 5636K, capacity 5797K, committed 5888K, reserved 1048576K
}
Event: 6.699 GC heap after
{Heap after GC invocations=20 (full 0):
 garbage-first heap   total 51200K, used 23797K [0x00000000c1800000, 0x0000000100000000)
  region size 1024K, 2 young (2048K), 2 survivors (2048K)
 Metaspace       used 48858K, capacity 49337K, committed 49584K, reserved 1093632K
  class space    used 5636K, capacity 5797K, committed 5888K, reserved 1048576K
}
Event: 6.857 GC heap before
{Heap before GC invocations=20 (full 0):
 garbage-first heap   total 51200K, used 39157K [0x00000000c1800000, 0x0000000100000000)
  region size 1024K, 18 young (18432K), 2 survivors (2048K)
 Metaspace       used 50440K, capacity 50972K, committed 51120K, reserved 1093632K
  class space    used 5881K, capacity 6086K, committed 6144K, reserved 1048576K
}
Event: 6.860 GC heap after
{Heap after GC invocations=21 (full 0):
 garbage-first heap   total 51200K, used 24857K [0x00000000c1800000, 0x0000000100000000)
  region size 1024K, 3 young (3072K), 3 survivors (3072K)
 Metaspace       used 50440K, capacity 50972K, committed 51120K, reserved 1093632K
  class space    used 5881K, capacity 6086K, committed 6144K, reserved 1048576K
}
Event: 7.137 GC heap before
{Heap before GC invocations=21 (full 0):
 garbage-first heap   total 51200K, used 39193K [0x00000000c1800000, 0x0000000100000000)
  region size 1024K, 18 young (18432K), 3 survivors (3072K)
 Metaspace       used 53051K, capacity 53548K, committed 53808K, reserved 1097728K
  class space    used 6321K, capacity 6513K, committed 6528K, reserved 1048576K
}
Event: 7.141 GC heap after
{Heap after GC invocations=22 (full 0):
 garbage-first heap   total 51200K, used 26351K [0x00000000c1800000, 0x0000000100000000)
  region size 1024K, 3 young (3072K), 3 survivors (3072K)
 Metaspace       used 53051K, capacity 53548K, committed 53808K, reserved 1097728K
  class space    used 6321K, capacity 6513K, committed 6528K, reserved 1048576K
}
Event: 7.498 GC heap before
{Heap before GC invocations=22 (full 0):
 garbage-first heap   total 51200K, used 40687K [0x00000000c1800000, 0x0000000100000000)
  region size 1024K, 17 young (17408K), 3 survivors (3072K)
 Metaspace       used 56179K, capacity 56720K, committed 56880K, reserved 1099776K
  class space    used 6777K, capacity 6972K, committed 7040K, reserved 1048576K
}
Event: 7.503 GC heap after
{Heap after GC invocations=23 (full 0):
 garbage-first heap   total 61440K, used 27642K [0x00000000c1800000, 0x0000000100000000)
  region size 1024K, 3 young (3072K), 3 survivors (3072K)
 Metaspace       used 56179K, capacity 56720K, committed 56880K, reserved 1099776K
  class space    used 6777K, capacity 6972K, committed 7040K, reserved 1048576K
}
Event: 8.127 GC heap before
{Heap before GC invocations=24 (full 0):
 garbage-first heap   total 61440K, used 48122K [0x00000000c1800000, 0x0000000100000000)
  region size 1024K, 24 young (24576K), 3 survivors (3072K)
 Metaspace       used 61570K, capacity 62070K, committed 62256K, reserved 1103872K
  class space    used 7596K, capacity 7773K, committed 7808K, reserved 1048576K
}
Event: 8.131 GC heap after
{Heap after GC invocations=25 (full 0):
 garbage-first heap   total 61440K, used 28606K [0x00000000c1800000, 0x0000000100000000)
  region size 1024K, 3 young (3072K), 3 survivors (3072K)
 Metaspace       used 61570K, capacity 62070K, committed 62256K, reserved 1103872K
  class space    used 7596K, capacity 7773K, committed 7808K, reserved 1048576K
}
Event: 9.230 GC heap before
{Heap before GC invocations=25 (full 0):
 garbage-first heap   total 61440K, used 47038K [0x00000000c1800000, 0x0000000100000000)
  region size 1024K, 22 young (22528K), 3 survivors (3072K)
 Metaspace       used 66298K, capacity 66865K, committed 67120K, reserved 1107968K
  class space    used 8250K, capacity 8453K, committed 8576K, reserved 1048576K
}
Event: 9.234 GC heap after
{Heap after GC invocations=26 (full 0):
 garbage-first heap   total 61440K, used 29799K [0x00000000c1800000, 0x0000000100000000)
  region size 1024K, 3 young (3072K), 3 survivors (3072K)
 Metaspace       used 66298K, capacity 66865K, committed 67120K, reserved 1107968K
  class space    used 8250K, capacity 8453K, committed 8576K, reserved 1048576K
}
Event: 153.664 GC heap before
{Heap before GC invocations=26 (full 0):
 garbage-first heap   total 61440K, used 49255K [0x00000000c1800000, 0x0000000100000000)
  region size 1024K, 22 young (22528K), 3 survivors (3072K)
 Metaspace       used 69260K, capacity 69813K, committed 69936K, reserved 1110016K
  class space    used 8599K, capacity 8813K, committed 8832K, reserved 1048576K
}
Event: 153.705 GC heap after
{Heap after GC invocations=27 (full 0):
 garbage-first heap   total 61440K, used 30711K [0x00000000c1800000, 0x0000000100000000)
  region size 1024K, 2 young (2048K), 2 survivors (2048K)
 Metaspace       used 69260K, capacity 69813K, committed 69936K, reserved 1110016K
  class space    used 8599K, capacity 8813K, committed 8832K, reserved 1048576K
}

Deoptimization events (20 events):
Event: 87.167 Thread 0x000001aca1b140a0 DEOPT PACKING pc=0x000001ac8a2f55cd sp=0x0000005067bfcda0
Event: 87.167 Thread 0x000001aca1b140a0 DEOPT UNPACKING pc=0x000001ac893fe23f sp=0x0000005067bfc328 mode 0
Event: 87.299 Thread 0x000001aca1b140a0 Uncommon trap: trap_request=0xffffff45 fr.pc=0x000001ac9104d85c relative=0x000000000000005c
Event: 87.299 Thread 0x000001aca1b140a0 Uncommon trap: reason=unstable_if action=reinterpret pc=0x000001ac9104d85c method=java.util.Objects.equals(Ljava/lang/Object;Ljava/lang/Object;)Z @ 6 c2
Event: 87.299 Thread 0x000001aca1b140a0 DEOPT PACKING pc=0x000001ac9104d85c sp=0x0000005067bfbf30
Event: 87.299 Thread 0x000001aca1b140a0 DEOPT UNPACKING pc=0x000001ac893fe42f sp=0x0000005067bfbed0 mode 2
Event: 87.407 Thread 0x000001aca1b140a0 Uncommon trap: trap_request=0xffffff45 fr.pc=0x000001ac91063f4c relative=0x000000000000030c
Event: 87.407 Thread 0x000001aca1b140a0 Uncommon trap: reason=unstable_if action=reinterpret pc=0x000001ac91063f4c method=java.util.HashMap.getNode(Ljava/lang/Object;)Ljava/util/HashMap$Node; @ 66 c2
Event: 87.407 Thread 0x000001aca1b140a0 DEOPT PACKING pc=0x000001ac91063f4c sp=0x0000005067bfca70
Event: 87.407 Thread 0x000001aca1b140a0 DEOPT UNPACKING pc=0x000001ac893fe42f sp=0x0000005067bfc980 mode 2
Event: 362.608 Thread 0x000001ac9dfb9470 DEOPT PACKING pc=0x000001ac8a414400 sp=0x0000005065efe4f0
Event: 362.611 Thread 0x000001ac9dfb9470 DEOPT UNPACKING pc=0x000001ac893fe23f sp=0x0000005065efd988 mode 0
Event: 362.611 Thread 0x000001ac9dfb9470 DEOPT PACKING pc=0x000001ac899e944a sp=0x0000005065efea80
Event: 362.612 Thread 0x000001ac9dfb9470 DEOPT UNPACKING pc=0x000001ac893fe23f sp=0x0000005065efdfa0 mode 0
Event: 362.612 Thread 0x000001ac9dfb9470 DEOPT PACKING pc=0x000001ac8a414400 sp=0x0000005065efe5b0
Event: 362.612 Thread 0x000001ac9dfb9470 DEOPT UNPACKING pc=0x000001ac893fe23f sp=0x0000005065efda48 mode 0
Event: 362.630 Thread 0x000001ac9dfb9470 DEOPT PACKING pc=0x000001ac899e944a sp=0x0000005065efea80
Event: 362.630 Thread 0x000001ac9dfb9470 DEOPT UNPACKING pc=0x000001ac893fe23f sp=0x0000005065efdfa0 mode 0
Event: 362.630 Thread 0x000001ac9dfb9470 DEOPT PACKING pc=0x000001ac8a414400 sp=0x0000005065efe4f0
Event: 362.630 Thread 0x000001ac9dfb9470 DEOPT UNPACKING pc=0x000001ac893fe23f sp=0x0000005065efd988 mode 0

Classes unloaded (0 events):
No events

Classes redefined (0 events):
No events

Internal exceptions (20 events):
Event: 7.208 Thread 0x000001ac9ef13f50 Exception <a 'java/lang/ClassNotFoundException'{0x00000000c45dfb18}: org/springframework/beans/factory/InitializingBeanCustomizer> (0x00000000c45dfb18) 
thrown [./open/src/hotspot/share/classfile/systemDictionary.cpp, line 295]
Event: 7.208 Thread 0x000001ac9ef13f50 Exception <a 'java/lang/ClassNotFoundException'{0x00000000c45e5380}: org/springframework/data/repository/core/support/RepositoryFactoryInformationCustomizer> (0x00000000c45e5380) 
thrown [./open/src/hotspot/share/classfile/systemDictionary.cpp, line 295]
Event: 7.209 Thread 0x000001ac9ef13f50 Exception <a 'java/lang/ClassNotFoundException'{0x00000000c45f01c0}: org/springframework/beans/factory/FactoryBeanCustomizer> (0x00000000c45f01c0) 
thrown [./open/src/hotspot/share/classfile/systemDictionary.cpp, line 295]
Event: 7.210 Thread 0x000001ac9ef13f50 Exception <a 'java/lang/ClassNotFoundException'{0x00000000c45f8b48}: org/springframework/beans/factory/BeanClassLoaderAwareCustomizer> (0x00000000c45f8b48) 
thrown [./open/src/hotspot/share/classfile/systemDictionary.cpp, line 295]
Event: 7.211 Thread 0x000001ac9ef13f50 Exception <a 'java/lang/ClassNotFoundException'{0x00000000c4425fa8}: org/springframework/beans/factory/AwareCustomizer> (0x00000000c4425fa8) 
thrown [./open/src/hotspot/share/classfile/systemDictionary.cpp, line 295]
Event: 7.212 Thread 0x000001ac9ef13f50 Exception <a 'java/lang/ClassNotFoundException'{0x00000000c442a5c0}: org/springframework/beans/factory/BeanFactoryAwareCustomizer> (0x00000000c442a5c0) 
thrown [./open/src/hotspot/share/classfile/systemDictionary.cpp, line 295]
Event: 7.212 Thread 0x000001ac9ef13f50 Exception <a 'java/lang/ClassNotFoundException'{0x00000000c442ffb8}: org/springframework/beans/factory/AwareCustomizer> (0x00000000c442ffb8) 
thrown [./open/src/hotspot/share/classfile/systemDictionary.cpp, line 295]
Event: 7.213 Thread 0x000001ac9ef13f50 Exception <a 'java/lang/ClassNotFoundException'{0x00000000c4434758}: org/springframework/context/ApplicationEventPublisherAwareCustomizer> (0x00000000c4434758) 
thrown [./open/src/hotspot/share/classfile/systemDictionary.cpp, line 295]
Event: 7.213 Thread 0x000001ac9ef13f50 Exception <a 'java/lang/ClassNotFoundException'{0x00000000c443a148}: org/springframework/beans/factory/AwareCustomizer> (0x00000000c443a148) 
thrown [./open/src/hotspot/share/classfile/systemDictionary.cpp, line 295]
Event: 7.219 Thread 0x000001ac9ef13f50 Exception <a 'java/lang/ClassNotFoundException'{0x00000000c4475f58}: java/lang/ObjectCustomizer> (0x00000000c4475f58) 
thrown [./open/src/hotspot/share/classfile/systemDictionary.cpp, line 295]
Event: 7.219 Thread 0x000001ac9ef13f50 Exception <a 'java/lang/ClassNotFoundException'{0x00000000c44b98a8}: org/springframework/core/io/support/PropertiesLoaderSupportCustomizer> (0x00000000c44b98a8) 
thrown [./open/src/hotspot/share/classfile/systemDictionary.cpp, line 295]
Event: 7.220 Thread 0x000001ac9ef13f50 Exception <a 'java/lang/ClassNotFoundException'{0x00000000c44c72d0}: org/springframework/beans/factory/config/PropertiesFactoryBeanCustomizer> (0x00000000c44c72d0) 
thrown [./open/src/hotspot/share/classfile/systemDictionary.cpp, line 295]
Event: 7.222 Thread 0x000001ac9ef13f50 Exception <a 'java/lang/ClassNotFoundException'{0x00000000c44dc920}: org/springframework/beans/factory/FactoryBeanCustomizer> (0x00000000c44dc920) 
thrown [./open/src/hotspot/share/classfile/systemDictionary.cpp, line 295]
Event: 7.223 Thread 0x000001ac9ef13f50 Exception <a 'java/lang/ClassNotFoundException'{0x00000000c44f7ee0}: org/springframework/beans/factory/InitializingBeanCustomizer> (0x00000000c44f7ee0) 
thrown [./open/src/hotspot/share/classfile/systemDictionary.cpp, line 295]
Event: 8.534 Thread 0x000001aca1b14570 Exception <a 'java/lang/NoSuchMethodError'{0x00000000c4e17908}: 'void java.lang.invoke.DirectMethodHandle$Holder.invokeInterface(java.lang.Object, java.lang.Object)'> (0x00000000c4e17908) 
thrown [./open/src/hotspot/share/interpreter/linkResolver.cpp, line 782]
Event: 8.559 Thread 0x000001aca1b14570 Exception <a 'java/lang/NoSuchMethodError'{0x00000000c4ea52c0}: 'java.lang.Object java.lang.invoke.DirectMethodHandle$Holder.invokeStaticInit(java.lang.Object, java.lang.Object, java.lang.Object, java.lang.Object, int, int)'> (0x00000000c4ea52c0) 
thrown [./open/src/hotspot/share/interpreter/linkResolver.cpp, line 782]
Event: 9.179 Thread 0x000001ac9ef13f50 Exception <a 'java/lang/ClassNotFoundException'{0x00000000c4376cc8}: java/lang/ObjectCustomizer> (0x00000000c4376cc8) 
thrown [./open/src/hotspot/share/classfile/systemDictionary.cpp, line 295]
Event: 9.180 Thread 0x000001ac9ef13f50 Exception <a 'java/lang/ClassNotFoundException'{0x00000000c437f990}: com/capge/employeepayroll/model/EmployeePayrollDataCustomizer> (0x00000000c437f990) 
thrown [./open/src/hotspot/share/classfile/systemDictionary.cpp, line 295]
Event: 9.197 Thread 0x000001ac9ef13f50 Exception <a 'java/lang/NoSuchMethodError'{0x00000000c4276448}: 'int java.lang.invoke.DirectMethodHandle$Holder.invokeVirtual(java.lang.Object, java.lang.Object, java.lang.Object)'> (0x00000000c4276448) 
thrown [./open/src/hotspot/share/interpreter/linkResolver.cpp, line 782]
Event: 9.222 Thread 0x000001ac9ef13f50 Exception <a 'java/lang/IncompatibleClassChangeError'{0x00000000c41af710}: Found class java.lang.Object, but interface was expected> (0x00000000c41af710) 
thrown [./open/src/hotspot/share/interpreter/linkResolver.cpp, line 848]

Events (20 events):
Event: 87.438 loading class java/nio/StringCharBuffer done
Event: 87.438 Executing VM operation: HandshakeAllThreads
Event: 87.439 Executing VM operation: HandshakeAllThreads done
Event: 104.586 Executing VM operation: HandshakeAllThreads
Event: 104.586 Executing VM operation: HandshakeAllThreads done
Event: 106.595 Executing VM operation: HandshakeAllThreads
Event: 106.595 Executing VM operation: HandshakeAllThreads done
Event: 133.254 Loaded shared library C:\Users\DELL\Desktop\software\sts-4.8.1.RELEASE\plugins\org.eclipse.justj.openjdk.hotspot.jre.full.win32.x86_64_15.0.0.v20201014-1246\jre\bin\java.dll
Event: 133.853 Executing VM operation: HandshakeAllThreads
Event: 133.853 Executing VM operation: HandshakeAllThreads done
Event: 134.865 Executing VM operation: HandshakeAllThreads
Event: 134.866 Executing VM operation: HandshakeAllThreads done
Event: 136.880 Executing VM operation: HandshakeAllThreads
Event: 136.880 Executing VM operation: HandshakeAllThreads done
Event: 153.663 Executing VM operation: G1CollectForAllocation
Event: 153.705 Executing VM operation: G1CollectForAllocation done
Event: 153.765 Executing VM operation: G1Concurrent
Event: 153.780 Executing VM operation: G1Concurrent done
Event: 153.800 Executing VM operation: G1Concurrent
Event: 153.804 Executing VM operation: G1Concurrent done


Dynamic libraries:
0x00007ff681320000 - 0x00007ff68132d000 	C:\Users\DELL\Desktop\software\sts-4.8.1.RELEASE\plugins\org.eclipse.justj.openjdk.hotspot.jre.full.win32.x86_64_15.0.0.v20201014-1246\jre\bin\javaw.exe
0x00007ff9afa10000 - 0x00007ff9afc06000 	C:\WINDOWS\SYSTEM32\ntdll.dll
0x00007ff9af310000 - 0x00007ff9af3cd000 	C:\WINDOWS\System32\KERNEL32.DLL
0x00007ff9ad150000 - 0x00007ff9ad419000 	C:\WINDOWS\System32\KERNELBASE.dll
0x00007ff9ad700000 - 0x00007ff9ad800000 	C:\WINDOWS\System32\ucrtbase.dll
0x00007ff9a7db0000 - 0x00007ff9a7dc8000 	C:\Users\DELL\Desktop\software\sts-4.8.1.RELEASE\plugins\org.eclipse.justj.openjdk.hotspot.jre.full.win32.x86_64_15.0.0.v20201014-1246\jre\bin\jli.dll
0x00007ff99b8d0000 - 0x00007ff99b8e9000 	C:\Users\DELL\Desktop\software\sts-4.8.1.RELEASE\plugins\org.eclipse.justj.openjdk.hotspot.jre.full.win32.x86_64_15.0.0.v20201014-1246\jre\bin\VCRUNTIME140.dll
0x00007ff9adf80000 - 0x00007ff9ae120000 	C:\WINDOWS\System32\USER32.dll
0x00007ff9ad6d0000 - 0x00007ff9ad6f2000 	C:\WINDOWS\System32\win32u.dll
0x00007ff9af0c0000 - 0x00007ff9af0ea000 	C:\WINDOWS\System32\GDI32.dll
0x00007ff9a2480000 - 0x00007ff9a271b000 	C:\WINDOWS\WinSxS\amd64_microsoft.windows.common-controls_6595b64144ccf1df_6.0.19041.488_none_ca04af081b815d21\COMCTL32.dll
0x00007ff9ad800000 - 0x00007ff9ad909000 	C:\WINDOWS\System32\gdi32full.dll
0x00007ff9ad420000 - 0x00007ff9ad4bd000 	C:\WINDOWS\System32\msvcp_win.dll
0x00007ff9af3d0000 - 0x00007ff9af46e000 	C:\WINDOWS\System32\msvcrt.dll
0x00007ff9af280000 - 0x00007ff9af2b0000 	C:\WINDOWS\System32\IMM32.DLL
0x00007ff9a7660000 - 0x00007ff9a766c000 	C:\Users\DELL\Desktop\software\sts-4.8.1.RELEASE\plugins\org.eclipse.justj.openjdk.hotspot.jre.full.win32.x86_64_15.0.0.v20201014-1246\jre\bin\vcruntime140_1.dll
0x00007ff98dfe0000 - 0x00007ff98e071000 	C:\Users\DELL\Desktop\software\sts-4.8.1.RELEASE\plugins\org.eclipse.justj.openjdk.hotspot.jre.full.win32.x86_64_15.0.0.v20201014-1246\jre\bin\msvcp140.dll
0x00007ff97c420000 - 0x00007ff97cf7c000 	C:\Users\DELL\Desktop\software\sts-4.8.1.RELEASE\plugins\org.eclipse.justj.openjdk.hotspot.jre.full.win32.x86_64_15.0.0.v20201014-1246\jre\bin\server\jvm.dll
0x00007ff9ae3e0000 - 0x00007ff9ae48c000 	C:\WINDOWS\System32\ADVAPI32.dll
0x00007ff9af150000 - 0x00007ff9af1ec000 	C:\WINDOWS\System32\sechost.dll
0x00007ff9ae500000 - 0x00007ff9ae62b000 	C:\WINDOWS\System32\RPCRT4.dll
0x00007ff9ae6b0000 - 0x00007ff9ae6b8000 	C:\WINDOWS\System32\PSAPI.DLL
0x00007ff9a21b0000 - 0x00007ff9a21d7000 	C:\WINDOWS\SYSTEM32\WINMM.dll
0x00007ff99f610000 - 0x00007ff99f619000 	C:\WINDOWS\SYSTEM32\WSOCK32.dll
0x00007ff9ae490000 - 0x00007ff9ae4fb000 	C:\WINDOWS\System32\WS2_32.dll
0x00007ff9a5300000 - 0x00007ff9a530a000 	C:\WINDOWS\SYSTEM32\VERSION.dll
0x00007ff9aba80000 - 0x00007ff9aba92000 	C:\WINDOWS\SYSTEM32\kernel.appcore.dll
0x00007ff9a8630000 - 0x00007ff9a863a000 	C:\Users\DELL\Desktop\software\sts-4.8.1.RELEASE\plugins\org.eclipse.justj.openjdk.hotspot.jre.full.win32.x86_64_15.0.0.v20201014-1246\jre\bin\jimage.dll
0x00007ff9aaf90000 - 0x00007ff9ab174000 	C:\WINDOWS\SYSTEM32\DBGHELP.DLL
0x00007ff9a52d0000 - 0x00007ff9a52fc000 	C:\WINDOWS\SYSTEM32\dbgcore.DLL
0x00007ff9ad620000 - 0x00007ff9ad6a0000 	C:\WINDOWS\System32\bcryptPrimitives.dll
0x00007ff9a2b70000 - 0x00007ff9a2b95000 	C:\Users\DELL\Desktop\software\sts-4.8.1.RELEASE\plugins\org.eclipse.justj.openjdk.hotspot.jre.full.win32.x86_64_15.0.0.v20201014-1246\jre\bin\java.dll
0x00007ff9a5990000 - 0x00007ff9a59a8000 	C:\Users\DELL\Desktop\software\sts-4.8.1.RELEASE\plugins\org.eclipse.justj.openjdk.hotspot.jre.full.win32.x86_64_15.0.0.v20201014-1246\jre\bin\zip.dll
0x00007ff9ae840000 - 0x00007ff9aef82000 	C:\WINDOWS\System32\SHELL32.dll
0x00007ff9ab280000 - 0x00007ff9aba15000 	C:\WINDOWS\SYSTEM32\windows.storage.dll
0x00007ff9adc20000 - 0x00007ff9adf76000 	C:\WINDOWS\System32\combase.dll
0x00007ff9acbc0000 - 0x00007ff9acbec000 	C:\WINDOWS\SYSTEM32\Wldp.dll
0x00007ff9ae6c0000 - 0x00007ff9ae76e000 	C:\WINDOWS\System32\SHCORE.dll
0x00007ff9af0f0000 - 0x00007ff9af145000 	C:\WINDOWS\System32\shlwapi.dll
0x00007ff9ad080000 - 0x00007ff9ad0a6000 	C:\WINDOWS\SYSTEM32\profapi.dll
0x00007ff9a3e30000 - 0x00007ff9a3e49000 	C:\Users\DELL\Desktop\software\sts-4.8.1.RELEASE\plugins\org.eclipse.justj.openjdk.hotspot.jre.full.win32.x86_64_15.0.0.v20201014-1246\jre\bin\net.dll
0x00007ff9a35c0000 - 0x00007ff9a36c0000 	C:\WINDOWS\SYSTEM32\WINHTTP.dll
0x00007ff9ac940000 - 0x00007ff9ac9aa000 	C:\WINDOWS\system32\mswsock.dll
0x00007ff9a2b50000 - 0x00007ff9a2b62000 	C:\Users\DELL\Desktop\software\sts-4.8.1.RELEASE\plugins\org.eclipse.justj.openjdk.hotspot.jre.full.win32.x86_64_15.0.0.v20201014-1246\jre\bin\nio.dll
0x00007ff9a7880000 - 0x00007ff9a7890000 	C:\Users\DELL\Desktop\software\sts-4.8.1.RELEASE\plugins\org.eclipse.justj.openjdk.hotspot.jre.full.win32.x86_64_15.0.0.v20201014-1246\jre\bin\verify.dll
0x00007ff9a6a70000 - 0x00007ff9a6a79000 	C:\Users\DELL\Desktop\software\sts-4.8.1.RELEASE\plugins\org.eclipse.justj.openjdk.hotspot.jre.full.win32.x86_64_15.0.0.v20201014-1246\jre\bin\management.dll
0x00007ff9a6590000 - 0x00007ff9a659b000 	C:\Users\DELL\Desktop\software\sts-4.8.1.RELEASE\plugins\org.eclipse.justj.openjdk.hotspot.jre.full.win32.x86_64_15.0.0.v20201014-1246\jre\bin\management_ext.dll
0x00007ff98dbc0000 - 0x00007ff98dbd7000 	C:\WINDOWS\system32\napinsp.dll
0x00007ff98dba0000 - 0x00007ff98dbbb000 	C:\WINDOWS\system32\pnrpnsp.dll
0x00007ff9a8640000 - 0x00007ff9a8655000 	C:\WINDOWS\system32\wshbth.dll
0x00007ff9a78b0000 - 0x00007ff9a78cd000 	C:\WINDOWS\system32\NLAapi.dll
0x00007ff9ac5e0000 - 0x00007ff9ac61b000 	C:\WINDOWS\SYSTEM32\IPHLPAPI.DLL
0x00007ff9ac620000 - 0x00007ff9ac6eb000 	C:\WINDOWS\SYSTEM32\DNSAPI.dll
0x00007ff9af4d0000 - 0x00007ff9af4d8000 	C:\WINDOWS\System32\NSI.dll
0x00007ff98db50000 - 0x00007ff98db62000 	C:\WINDOWS\System32\winrnr.dll
0x00007ff9a3140000 - 0x00007ff9a314a000 	C:\Windows\System32\rasadhlp.dll
0x00007ff9a2d60000 - 0x00007ff9a2ddf000 	C:\WINDOWS\System32\fwpuclnt.dll
0x00007ff9ad6a0000 - 0x00007ff9ad6c7000 	C:\WINDOWS\System32\bcrypt.dll
0x0000000180000000 - 0x0000000180285000 	C:\ProgramData\chocolatey\lib\Tomcat\tools\apache-tomcat-9.0.40\bin\tcnative-1.dll
0x00007ff9ad4c0000 - 0x00007ff9ad61d000 	C:\WINDOWS\System32\CRYPT32.dll
0x00007ff9acb10000 - 0x00007ff9acb28000 	C:\WINDOWS\SYSTEM32\CRYPTSP.dll
0x00007ff9ac260000 - 0x00007ff9ac294000 	C:\WINDOWS\system32\rsaenh.dll
0x00007ff9ad000000 - 0x00007ff9ad02e000 	C:\WINDOWS\SYSTEM32\USERENV.dll
0x00007ff9acb30000 - 0x00007ff9acb3c000 	C:\WINDOWS\SYSTEM32\CRYPTBASE.dll
0x00007ff9a60f0000 - 0x00007ff9a6107000 	C:\WINDOWS\SYSTEM32\dhcpcsvc6.DLL
0x00007ff9a6340000 - 0x00007ff9a635d000 	C:\WINDOWS\SYSTEM32\dhcpcsvc.DLL
0x00007ff9a77a0000 - 0x00007ff9a77ad000 	C:\Users\DELL\Desktop\software\sts-4.8.1.RELEASE\plugins\org.eclipse.justj.openjdk.hotspot.jre.full.win32.x86_64_15.0.0.v20201014-1246\jre\bin\sunmscapi.dll
0x00007ff9acc30000 - 0x00007ff9acc57000 	C:\WINDOWS\SYSTEM32\ncrypt.dll
0x00007ff9acbf0000 - 0x00007ff9acc2b000 	C:\WINDOWS\SYSTEM32\NTASN1.dll

dbghelp: loaded successfully - version: 4.0.5 - missing functions: none
symbol engine: initialized successfully - sym options: 0x614 - pdb path: .;C:\Users\DELL\Desktop\software\sts-4.8.1.RELEASE\plugins\org.eclipse.justj.openjdk.hotspot.jre.full.win32.x86_64_15.0.0.v20201014-1246\jre\bin;C:\WINDOWS\SYSTEM32;C:\WINDOWS\WinSxS\amd64_microsoft.windows.common-controls_6595b64144ccf1df_6.0.19041.488_none_ca04af081b815d21;C:\Users\DELL\Desktop\software\sts-4.8.1.RELEASE\plugins\org.eclipse.justj.openjdk.hotspot.jre.full.win32.x86_64_15.0.0.v20201014-1246\jre\bin\server;C:\ProgramData\chocolatey\lib\Tomcat\tools\apache-tomcat-9.0.40\bin

VM Arguments:
jvm_args: -Dfile.encoding=UTF-8 -XX:+ShowCodeDetailsInExceptionMessages 
java_command: com.capge.employeepayroll.EmployeePayrollApplication
java_class_path (initial): C:\Users\DELL\Documents\workspace-spring-tool-suite-4-4.8.1.RELEASE\EmployeePayroll\target\classes;C:\Users\DELL\.m2\repository\org\springframework\boot\spring-boot-starter\2.4.0\spring-boot-starter-2.4.0.jar;C:\Users\DELL\.m2\repository\org\springframework\boot\spring-boot\2.4.0\spring-boot-2.4.0.jar;C:\Users\DELL\.m2\repository\org\springframework\spring-context\5.3.1\spring-context-5.3.1.jar;C:\Users\DELL\.m2\repository\org\springframework\boot\spring-boot-autoconfigure\2.4.0\spring-boot-autoconfigure-2.4.0.jar;C:\Users\DELL\.m2\repository\org\springframework\boot\spring-boot-starter-logging\2.4.0\spring-boot-starter-logging-2.4.0.jar;C:\Users\DELL\.m2\repository\ch\qos\logback\logback-classic\1.2.3\logback-classic-1.2.3.jar;C:\Users\DELL\.m2\repository\ch\qos\logback\logback-core\1.2.3\logback-core-1.2.3.jar;C:\Users\DELL\.m2\repository\org\apache\logging\log4j\log4j-to-slf4j\2.13.3\log4j-to-slf4j-2.13.3.jar;C:\Users\DELL\.m2\repository\org\apache\logging\log4j\log4j-api\2.13.3\log4j-api-2.13.3.jar;C:\Users\DELL\.m2\repository\org\slf4j\jul-to-slf4j\1.7.30\jul-to-slf4j-1.7.30.jar;C:\Users\DELL\.m2\repository\jakarta\annotation\jakarta.annotation-api\1.3.5\jakarta.annotation-api-1.3.5.jar;C:\Users\DELL\.m2\repository\org\springframework\spring-core\5.3.1\spring-core-5.3.1.jar;C:\Users\DELL\.m2\repository\org\springframework\spring-jcl\5.3.1\spring-jcl-5.3.1.jar;C:\Users\DELL\.m2\repository\org\yaml\snakeyaml\1.27\snakeyaml-1.27.jar;C:\Users\DELL\.m2\repository\org\springframework\boot\spring-boot-starter-web\2.4.0\spring-boot-starter-web-2.4.0.jar;C:\Users\DELL\.m2\repository\org\springframework\boot\spring-boot-starter-json\2.4.0\spring-boot-starter-json-2.4.0.jar;C:\Users\DELL\.m2\repository\com\fasterxml\jackson\core\jackson-databind\2.11.3\jackson-databind-2.11.3.jar;C:\Users\DELL\.m2\repository\com\fasterxml\jackson\core\jackson-annotations\2.11.3\jackson-annotations-2.11.3.jar;C:\Users\DELL\.m2\repository\com\fasterxml\jackson\c
Launcher Type: SUN_STANDARD

[Global flags]
     intx CICompilerCount                          = 4                                         {product} {ergonomic}
     uint ConcGCThreads                            = 2                                         {product} {ergonomic}
     uint G1ConcRefinementThreads                  = 8                                         {product} {ergonomic}
   size_t G1HeapRegionSize                         = 1048576                                   {product} {ergonomic}
    uintx GCDrainStackTargetSize                   = 64                                        {product} {ergonomic}
   size_t InitialHeapSize                          = 67108864                                  {product} {ergonomic}
   size_t MarkStackSize                            = 4194304                                   {product} {ergonomic}
   size_t MaxHeapSize                              = 1048576000                                {product} {ergonomic}
   size_t MaxNewSize                               = 629145600                                 {product} {ergonomic}
   size_t MinHeapDeltaBytes                        = 1048576                                   {product} {ergonomic}
   size_t MinHeapSize                              = 8388608                                   {product} {ergonomic}
    uintx NonNMethodCodeHeapSize                   = 5839372                                {pd product} {ergonomic}
    uintx NonProfiledCodeHeapSize                  = 122909434                              {pd product} {ergonomic}
    uintx ProfiledCodeHeapSize                     = 122909434                              {pd product} {ergonomic}
    uintx ReservedCodeCacheSize                    = 251658240                              {pd product} {ergonomic}
     bool SegmentedCodeCache                       = true                                      {product} {ergonomic}
     bool ShowCodeDetailsInExceptionMessages       = true                                   {manageable} {command line}
   size_t SoftMaxHeapSize                          = 1048576000                             {manageable} {ergonomic}
     bool UseCompressedClassPointers               = true                                 {lp64_product} {ergonomic}
     bool UseCompressedOops                        = true                                 {lp64_product} {ergonomic}
     bool UseG1GC                                  = true                                      {product} {ergonomic}
     bool UseLargePagesIndividualAllocation        = false                                  {pd product} {ergonomic}

Logging:
Log output configuration:
 #0: stdout all=warning uptime,level,tags
 #1: stderr all=off uptime,level,tags

Environment Variables:
JAVA_HOME=C:\Program Files\Java\jdk-14.0.1
PATH=C:/Users/DELL/Desktop/software/sts-4.8.1.RELEASE//plugins/org.eclipse.justj.openjdk.hotspot.jre.full.win32.x86_64_15.0.0.v20201014-1246/jre/bin/server;C:/Users/DELL/Desktop/software/sts-4.8.1.RELEASE//plugins/org.eclipse.justj.openjdk.hotspot.jre.full.win32.x86_64_15.0.0.v20201014-1246/jre/bin;C:\Program Files\Common Files\Oracle\Java\javapath;C:\WINDOWS\system32;C:\WINDOWS;C:\WINDOWS\System32\Wbem;C:\WINDOWS\System32\WindowsPowerShell\v1.0\;C:\WINDOWS\System32\OpenSSH\;C:\Program Files\nodejs\;C:\Program Files\Git\cmd;C:\Program Files\Java\jdk-14.0.1\bin;C:\Program Files\OpenJDK\openjdk-11.0.9_11\bin;C:\ProgramData\chocolatey\bin;C:\Program Files\OpenJDK\openjdk-11.0.9_11\bin;C:\ProgramData\chocolatey\lib\Tomcat\tools\apache-tomcat-9.0.40\bin;C:\Program Files\MySQL\MySQL Shell 8.0\bin\;C:\Program Files\nodejs\node.exe;C:\Users\DELL\Desktop\html\sublime\javascript\Microsoft VS Code\bin;C:\Users\DELL\AppData\Local\Microsoft\WindowsApps;C:\Users\DELL\AppData\Local\Programs\Microsoft VS Code\bin;C:\ProgramData\chocolatey\lib\Tomcat\tools\apache-tomcat-9.0.40.\bin;C:\Users\DELL\AppData\Roaming\npm;C:\Users\DELL\Desktop\nginx\nginx-1.18.0;;C:\Users\DELL\Desktop\software\sts-4.8.1.RELEASE;
USERNAME=DELL
OS=Windows_NT
PROCESSOR_IDENTIFIER=Intel64 Family 6 Model 142 Stepping 10, GenuineIntel



---------------  S Y S T E M  ---------------

OS:
 Windows 10 , 64 bit Build 19041 (10.0.19041.662)
OS uptime: 11 days 5:54 hours

CPU: total 8 (initial active 8) (4 cores per cpu, 2 threads per core) family 6 model 142 stepping 10, cmov, cx8, fxsr, mmx, sse, sse2, sse3, ssse3, sse4.1, sse4.2, popcnt, vzeroupper, avx, avx2, aes, clmul, erms, 3dnowpref, lzcnt, ht, tsc, tscinvbit, bmi1, bmi2, adx, fma, clflush, clflushopt

Memory: 4k page, system-wide physical 3993M (246M free)
TotalPageFile size 10137M (AvailPageFile size 6M)
current process WorkingSet (physical memory assigned to process): 31M, peak: 237M
current process commit charge ("private bytes"): 251M, peak: 267M

vm_info: OpenJDK 64-Bit Server VM (15+36-1562) for windows-amd64 JRE (15+36-1562), built on Aug 11 2020 22:33:04 by "mach5one" with unknown MS VC++:1925

END.
