#
# There is insufficient memory for the Java Runtime Environment to continue.
# Native memory allocation (malloc) failed to allocate 326736 bytes for Chunk::new
# Possible reasons:
#   The system is out of physical RAM or swap space
#   The process is running with CompressedOops enabled, and the Java Heap may be blocking the growth of the native heap
# Possible solutions:
#   Reduce memory load on the system
#   Increase physical memory or swap space
#   Check if swap backing store is full
#   Decrease Java heap size (-Xmx/-Xms)
#   Decrease number of Java threads
#   Decrease Java thread stack sizes (-Xss)
#   Set larger code cache with -XX:ReservedCodeCacheSize=
#   JVM is running with Unscaled Compressed Oops mode in which the Java heap is
#     placed in the first 4GB address space. The Java Heap base address is the
#     maximum limit for the native heap growth. Please use -XX:HeapBaseMinAddress
#     to set the Java Heap base and to place the Java Heap above 4GB virtual address.
# This output file may be truncated or incomplete.
#
#  Out of Memory Error (./open/src/hotspot/share/memory/arena.cpp:195), pid=12064, tid=7416
#
# JRE version: OpenJDK Runtime Environment (15.0+36) (build 15+36-1562)
# Java VM: OpenJDK 64-Bit Server VM (15+36-1562, mixed mode, tiered, compressed oops, g1 gc, windows-amd64)
# No core dump will be written. Minidumps are not enabled by default on client versions of Windows
#

---------------  S U M M A R Y ------------

Command Line: -Dfile.encoding=UTF-8 -XX:+ShowCodeDetailsInExceptionMessages com.capge.employeepayroll.EmployeePayrollApplication

Host: Intel(R) Core(TM) i5-8250U CPU @ 1.60GHz, 8 cores, 3G,  Windows 10 , 64 bit Build 19041 (10.0.19041.662)
Time: Tue Dec 22 15:45:08 2020 India Standard Time elapsed time: 1.160694 seconds (0d 0h 0m 1s)

---------------  T H R E A D  ---------------

Current thread (0x000002702a84cdb0):  JavaThread "C2 CompilerThread0" daemon [_thread_in_native, id=7416, stack(0x00000078b4900000,0x00000078b4a00000)]


Current CompileTask:
C2:   1160  804       4       java.util.jar.JarFile::getEntry (35 bytes)

Stack: [0x00000078b4900000,0x00000078b4a00000]
Native frames: (J=compiled Java code, j=interpreted, Vv=VM code, C=native code)
V  [jvm.dll+0x629eaa]
V  [jvm.dll+0x780379]
V  [jvm.dll+0x781ad3]
V  [jvm.dll+0x782133]
V  [jvm.dll+0x2159d5]
V  [jvm.dll+0x9794a]
V  [jvm.dll+0x9802c]
V  [jvm.dll+0x32dbd8]
V  [jvm.dll+0x2f6ffa]
V  [jvm.dll+0x2f63ba]
V  [jvm.dll+0x1e9dd5]
V  [jvm.dll+0x1e903e]
V  [jvm.dll+0x177f17]
V  [jvm.dll+0x1f88f5]
V  [jvm.dll+0x1f699c]
V  [jvm.dll+0x74384d]
V  [jvm.dll+0x73c64a]
V  [jvm.dll+0x628d16]
C  [ucrtbase.dll+0x214c2]
C  [KERNEL32.DLL+0x17034]
C  [ntdll.dll+0x4d0d1]


---------------  P R O C E S S  ---------------

Threads class SMR info:
_java_thread_list=0x000002702a9b53e0, length=11, elements={
0x0000027012230060, 0x0000027029f1a130, 0x0000027029f1cd10, 0x0000027029f39000,
0x0000027029f398c0, 0x0000027029f3a370, 0x000002702a84cdb0, 0x000002702a84f3c0,
0x000002702a85a1a0, 0x000002702a9cf970, 0x000002702a9d21d0
}

Java Threads: ( => current thread )
  0x0000027012230060 JavaThread "main" [_thread_in_Java, id=6412, stack(0x00000078b3d00000,0x00000078b3e00000)]
  0x0000027029f1a130 JavaThread "Reference Handler" daemon [_thread_blocked, id=18092, stack(0x00000078b4400000,0x00000078b4500000)]
  0x0000027029f1cd10 JavaThread "Finalizer" daemon [_thread_blocked, id=10476, stack(0x00000078b4500000,0x00000078b4600000)]
  0x0000027029f39000 JavaThread "Signal Dispatcher" daemon [_thread_blocked, id=14856, stack(0x00000078b4600000,0x00000078b4700000)]
  0x0000027029f398c0 JavaThread "Attach Listener" daemon [_thread_blocked, id=18224, stack(0x00000078b4700000,0x00000078b4800000)]
  0x0000027029f3a370 JavaThread "Service Thread" daemon [_thread_blocked, id=15116, stack(0x00000078b4800000,0x00000078b4900000)]
=>0x000002702a84cdb0 JavaThread "C2 CompilerThread0" daemon [_thread_in_native, id=7416, stack(0x00000078b4900000,0x00000078b4a00000)]
  0x000002702a84f3c0 JavaThread "C1 CompilerThread0" daemon [_thread_blocked, id=8900, stack(0x00000078b4a00000,0x00000078b4b00000)]
  0x000002702a85a1a0 JavaThread "Sweeper thread" daemon [_thread_blocked, id=15604, stack(0x00000078b4b00000,0x00000078b4c00000)]
  0x000002702a9cf970 JavaThread "Notification Thread" daemon [_thread_blocked, id=9304, stack(0x00000078b4c00000,0x00000078b4d00000)]
  0x000002702a9d21d0 JavaThread "Common-Cleaner" daemon [_thread_blocked, id=9872, stack(0x00000078b4e00000,0x00000078b4f00000)]

Other Threads:
  0x0000027029ee2900 VMThread "VM Thread" [stack: 0x00000078b4300000,0x00000078b4400000] [id=10024]
  0x000002702a9d0e80 WatcherThread [stack: 0x00000078b4d00000,0x00000078b4e00000] [id=9328]
  0x000002701225f810 GCTaskThread "GC Thread#0" [stack: 0x00000078b3e00000,0x00000078b3f00000] [id=17556]
  0x000002702abae580 GCTaskThread "GC Thread#1" [stack: 0x00000078b4f00000,0x00000078b5000000] [id=4060]
  0x0000027012269cd0 ConcurrentGCThread "G1 Main Marker" [stack: 0x00000078b3f00000,0x00000078b4000000] [id=11704]
  0x000002701226c690 ConcurrentGCThread "G1 Conc#0" [stack: 0x00000078b4000000,0x00000078b4100000] [id=12112]
  0x00000270122d18a0 ConcurrentGCThread "G1 Refine#0" [stack: 0x00000078b4100000,0x00000078b4200000] [id=14720]
  0x00000270122d2260 ConcurrentGCThread "G1 Young RemSet Sampling" [stack: 0x00000078b4200000,0x00000078b4300000] [id=1032]

Threads with active compile tasks:
C2 CompilerThread0     1226  804       4       java.util.jar.JarFile::getEntry (35 bytes)

VM state: not at safepoint (normal execution)

VM Mutex/Monitor currently owned by a thread:  ([mutex/lock_event])
[0x000002701222ba00] ProtectionDomainSet_lock - owner thread: 0x0000000000000000

Heap address: 0x00000000c1800000, size: 1000 MB, Compressed Oops mode: 32-bit
CDS disabled.
Compressed class space mapped at: 0x0000000100000000-0x0000000140000000, size: 1073741824
Narrow klass base: 0x0000000000000000, Narrow klass shift: 3, Narrow klass range: 0x140000000

GC Precious Log:
 CPUs: 8 total, 8 available
 Memory: 3993M
 Large Page Support: Disabled
 NUMA Support: Disabled
 Compressed Oops: Enabled (32-bit)
 Heap Region Size: 1M
 Heap Min Capacity: 8M
 Heap Initial Capacity: 64M
 Heap Max Capacity: 1000M
 Pre-touch: Disabled
 Parallel Workers: 8
 Concurrent Workers: 2
 Concurrent Refinement Workers: 8
 Periodic GC: Disabled

Heap:
 garbage-first heap   total 65536K, used 17466K [0x00000000c1800000, 0x0000000100000000)
  region size 1024K, 13 young (13312K), 1 survivors (1024K)
 Metaspace       used 11921K, capacity 12048K, committed 12288K, reserved 1060864K
  class space    used 1108K, capacity 1156K, committed 1280K, reserved 1048576K

Heap Regions: E=young(eden), S=young(survivor), O=old, HS=humongous(starts), HC=humongous(continues), CS=collection set, F=free, OA=open archive, CA=closed archive, TAMS=top-at-mark-start (previous, next)
|   0|0x00000000c1800000, 0x00000000c1900000, 0x00000000c1900000|100%|HS|  |TAMS 0x00000000c1800000, 0x00000000c1800000| Complete 
|   1|0x00000000c1900000, 0x00000000c1a00000, 0x00000000c1a00000|100%| O|  |TAMS 0x00000000c1900000, 0x00000000c1900000| Untracked 
|   2|0x00000000c1a00000, 0x00000000c1b00000, 0x00000000c1b00000|100%| O|  |TAMS 0x00000000c1a00000, 0x00000000c1a00000| Untracked 
|   3|0x00000000c1b00000, 0x00000000c1c00000, 0x00000000c1c00000|100%| O|  |TAMS 0x00000000c1b00000, 0x00000000c1b00000| Untracked 
|   4|0x00000000c1c00000, 0x00000000c1d00000, 0x00000000c1d00000|100%| O|  |TAMS 0x00000000c1c00000, 0x00000000c1c00000| Untracked 
|   5|0x00000000c1d00000, 0x00000000c1e00000, 0x00000000c1e00000|100%| O|  |TAMS 0x00000000c1d00000, 0x00000000c1d00000| Untracked 
|   6|0x00000000c1e00000, 0x00000000c1f00000, 0x00000000c1f00000|100%| O|  |TAMS 0x00000000c1e00000, 0x00000000c1e00000| Untracked 
|   7|0x00000000c1f00000, 0x00000000c1f00000, 0x00000000c2000000|  0%| F|  |TAMS 0x00000000c1f00000, 0x00000000c1f00000| Untracked 
|   8|0x00000000c2000000, 0x00000000c2000000, 0x00000000c2100000|  0%| F|  |TAMS 0x00000000c2000000, 0x00000000c2000000| Untracked 
|   9|0x00000000c2100000, 0x00000000c2100000, 0x00000000c2200000|  0%| F|  |TAMS 0x00000000c2100000, 0x00000000c2100000| Untracked 
|  10|0x00000000c2200000, 0x00000000c2200000, 0x00000000c2300000|  0%| F|  |TAMS 0x00000000c2200000, 0x00000000c2200000| Untracked 
|  11|0x00000000c2300000, 0x00000000c2300000, 0x00000000c2400000|  0%| F|  |TAMS 0x00000000c2300000, 0x00000000c2300000| Untracked 
|  12|0x00000000c2400000, 0x00000000c2400000, 0x00000000c2500000|  0%| F|  |TAMS 0x00000000c2400000, 0x00000000c2400000| Untracked 
|  13|0x00000000c2500000, 0x00000000c2500000, 0x00000000c2600000|  0%| F|  |TAMS 0x00000000c2500000, 0x00000000c2500000| Untracked 
|  14|0x00000000c2600000, 0x00000000c2600000, 0x00000000c2700000|  0%| F|  |TAMS 0x00000000c2600000, 0x00000000c2600000| Untracked 
|  15|0x00000000c2700000, 0x00000000c2700000, 0x00000000c2800000|  0%| F|  |TAMS 0x00000000c2700000, 0x00000000c2700000| Untracked 
|  16|0x00000000c2800000, 0x00000000c2800000, 0x00000000c2900000|  0%| F|  |TAMS 0x00000000c2800000, 0x00000000c2800000| Untracked 
|  17|0x00000000c2900000, 0x00000000c2900000, 0x00000000c2a00000|  0%| F|  |TAMS 0x00000000c2900000, 0x00000000c2900000| Untracked 
|  18|0x00000000c2a00000, 0x00000000c2a00000, 0x00000000c2b00000|  0%| F|  |TAMS 0x00000000c2a00000, 0x00000000c2a00000| Untracked 
|  19|0x00000000c2b00000, 0x00000000c2b00000, 0x00000000c2c00000|  0%| F|  |TAMS 0x00000000c2b00000, 0x00000000c2b00000| Untracked 
|  20|0x00000000c2c00000, 0x00000000c2c00000, 0x00000000c2d00000|  0%| F|  |TAMS 0x00000000c2c00000, 0x00000000c2c00000| Untracked 
|  21|0x00000000c2d00000, 0x00000000c2d00000, 0x00000000c2e00000|  0%| F|  |TAMS 0x00000000c2d00000, 0x00000000c2d00000| Untracked 
|  22|0x00000000c2e00000, 0x00000000c2e00000, 0x00000000c2f00000|  0%| F|  |TAMS 0x00000000c2e00000, 0x00000000c2e00000| Untracked 
|  23|0x00000000c2f00000, 0x00000000c2f00000, 0x00000000c3000000|  0%| F|  |TAMS 0x00000000c2f00000, 0x00000000c2f00000| Untracked 
|  24|0x00000000c3000000, 0x00000000c3000000, 0x00000000c3100000|  0%| F|  |TAMS 0x00000000c3000000, 0x00000000c3000000| Untracked 
|  25|0x00000000c3100000, 0x00000000c3100000, 0x00000000c3200000|  0%| F|  |TAMS 0x00000000c3100000, 0x00000000c3100000| Untracked 
|  26|0x00000000c3200000, 0x00000000c3200000, 0x00000000c3300000|  0%| F|  |TAMS 0x00000000c3200000, 0x00000000c3200000| Untracked 
|  27|0x00000000c3300000, 0x00000000c3300000, 0x00000000c3400000|  0%| F|  |TAMS 0x00000000c3300000, 0x00000000c3300000| Untracked 
|  28|0x00000000c3400000, 0x00000000c3400000, 0x00000000c3500000|  0%| F|  |TAMS 0x00000000c3400000, 0x00000000c3400000| Untracked 
|  29|0x00000000c3500000, 0x00000000c3500000, 0x00000000c3600000|  0%| F|  |TAMS 0x00000000c3500000, 0x00000000c3500000| Untracked 
|  30|0x00000000c3600000, 0x00000000c3600000, 0x00000000c3700000|  0%| F|  |TAMS 0x00000000c3600000, 0x00000000c3600000| Untracked 
|  31|0x00000000c3700000, 0x00000000c3700000, 0x00000000c3800000|  0%| F|  |TAMS 0x00000000c3700000, 0x00000000c3700000| Untracked 
|  32|0x00000000c3800000, 0x00000000c3800000, 0x00000000c3900000|  0%| F|  |TAMS 0x00000000c3800000, 0x00000000c3800000| Untracked 
|  33|0x00000000c3900000, 0x00000000c3900000, 0x00000000c3a00000|  0%| F|  |TAMS 0x00000000c3900000, 0x00000000c3900000| Untracked 
|  34|0x00000000c3a00000, 0x00000000c3a00000, 0x00000000c3b00000|  0%| F|  |TAMS 0x00000000c3a00000, 0x00000000c3a00000| Untracked 
|  35|0x00000000c3b00000, 0x00000000c3b00000, 0x00000000c3c00000|  0%| F|  |TAMS 0x00000000c3b00000, 0x00000000c3b00000| Untracked 
|  36|0x00000000c3c00000, 0x00000000c3c00000, 0x00000000c3d00000|  0%| F|  |TAMS 0x00000000c3c00000, 0x00000000c3c00000| Untracked 
|  37|0x00000000c3d00000, 0x00000000c3d0ebd8, 0x00000000c3e00000|  5%| S|CS|TAMS 0x00000000c3d00000, 0x00000000c3d00000| Complete 
|  38|0x00000000c3e00000, 0x00000000c3e00000, 0x00000000c3f00000|  0%| F|  |TAMS 0x00000000c3e00000, 0x00000000c3e00000| Untracked 
|  39|0x00000000c3f00000, 0x00000000c3f00000, 0x00000000c4000000|  0%| F|  |TAMS 0x00000000c3f00000, 0x00000000c3f00000| Untracked 
|  40|0x00000000c4000000, 0x00000000c4000000, 0x00000000c4100000|  0%| F|  |TAMS 0x00000000c4000000, 0x00000000c4000000| Untracked 
|  41|0x00000000c4100000, 0x00000000c4100000, 0x00000000c4200000|  0%| F|  |TAMS 0x00000000c4100000, 0x00000000c4100000| Untracked 
|  42|0x00000000c4200000, 0x00000000c4200000, 0x00000000c4300000|  0%| F|  |TAMS 0x00000000c4200000, 0x00000000c4200000| Untracked 
|  43|0x00000000c4300000, 0x00000000c4300000, 0x00000000c4400000|  0%| F|  |TAMS 0x00000000c4300000, 0x00000000c4300000| Untracked 
|  44|0x00000000c4400000, 0x00000000c4400000, 0x00000000c4500000|  0%| F|  |TAMS 0x00000000c4400000, 0x00000000c4400000| Untracked 
|  45|0x00000000c4500000, 0x00000000c4500000, 0x00000000c4600000|  0%| F|  |TAMS 0x00000000c4500000, 0x00000000c4500000| Untracked 
|  46|0x00000000c4600000, 0x00000000c4600000, 0x00000000c4700000|  0%| F|  |TAMS 0x00000000c4600000, 0x00000000c4600000| Untracked 
|  47|0x00000000c4700000, 0x00000000c4700000, 0x00000000c4800000|  0%| F|  |TAMS 0x00000000c4700000, 0x00000000c4700000| Untracked 
|  48|0x00000000c4800000, 0x00000000c4800000, 0x00000000c4900000|  0%| F|  |TAMS 0x00000000c4800000, 0x00000000c4800000| Untracked 
|  49|0x00000000c4900000, 0x00000000c4900000, 0x00000000c4a00000|  0%| F|  |TAMS 0x00000000c4900000, 0x00000000c4900000| Untracked 
|  50|0x00000000c4a00000, 0x00000000c4a00000, 0x00000000c4b00000|  0%| F|  |TAMS 0x00000000c4a00000, 0x00000000c4a00000| Untracked 
|  51|0x00000000c4b00000, 0x00000000c4b00000, 0x00000000c4c00000|  0%| F|  |TAMS 0x00000000c4b00000, 0x00000000c4b00000| Untracked 
|  52|0x00000000c4c00000, 0x00000000c4c7d720, 0x00000000c4d00000| 49%| E|  |TAMS 0x00000000c4c00000, 0x00000000c4c00000| Complete 
|  53|0x00000000c4d00000, 0x00000000c4e00000, 0x00000000c4e00000|100%| E|CS|TAMS 0x00000000c4d00000, 0x00000000c4d00000| Complete 
|  54|0x00000000c4e00000, 0x00000000c4f00000, 0x00000000c4f00000|100%| E|CS|TAMS 0x00000000c4e00000, 0x00000000c4e00000| Complete 
|  55|0x00000000c4f00000, 0x00000000c5000000, 0x00000000c5000000|100%| E|CS|TAMS 0x00000000c4f00000, 0x00000000c4f00000| Complete 
|  56|0x00000000c5000000, 0x00000000c5100000, 0x00000000c5100000|100%| E|CS|TAMS 0x00000000c5000000, 0x00000000c5000000| Complete 
|  57|0x00000000c5100000, 0x00000000c5200000, 0x00000000c5200000|100%| E|CS|TAMS 0x00000000c5100000, 0x00000000c5100000| Complete 
|  58|0x00000000c5200000, 0x00000000c5300000, 0x00000000c5300000|100%| E|CS|TAMS 0x00000000c5200000, 0x00000000c5200000| Complete 
|  59|0x00000000c5300000, 0x00000000c5400000, 0x00000000c5400000|100%| E|CS|TAMS 0x00000000c5300000, 0x00000000c5300000| Complete 
|  60|0x00000000c5400000, 0x00000000c5500000, 0x00000000c5500000|100%| E|CS|TAMS 0x00000000c5400000, 0x00000000c5400000| Complete 
|  61|0x00000000c5500000, 0x00000000c5600000, 0x00000000c5600000|100%| E|CS|TAMS 0x00000000c5500000, 0x00000000c5500000| Complete 
|  62|0x00000000c5600000, 0x00000000c5700000, 0x00000000c5700000|100%| E|  |TAMS 0x00000000c5600000, 0x00000000c5600000| Complete 
|  63|0x00000000c5700000, 0x00000000c5800000, 0x00000000c5800000|100%| E|CS|TAMS 0x00000000c5700000, 0x00000000c5700000| Complete 

Card table byte_map: [0x0000027025170000,0x0000027025370000] _byte_map_base: 0x0000027024b64000

Marking Bits (Prev, Next): (CMBitMap*) 0x0000027012260dd0, (CMBitMap*) 0x0000027012260e10
 Prev Bits: [0x0000027025570000, 0x0000027026510000)
 Next Bits: [0x0000027026510000, 0x00000270274b0000)

Polling page: 0x0000027011a00000

Metaspace:

Usage:
  Non-class:     10.64 MB capacity,    10.61 MB (>99%) used,    16.80 KB ( <1%) free+waste,     9.50 KB ( <1%) overhead. 
      Class:      1.13 MB capacity,     1.08 MB ( 96%) used,    43.30 KB (  4%) free+waste,     3.19 KB ( <1%) overhead. 
       Both:     11.77 MB capacity,    11.69 MB (>99%) used,    60.09 KB ( <1%) free+waste,    12.69 KB ( <1%) overhead. 

Virtual space:
  Non-class space:       12.00 MB reserved,      10.75 MB ( 90%) committed 
      Class space:        1.00 GB reserved,       1.25 MB ( <1%) committed 
             Both:        1.01 GB reserved,      12.00 MB (  1%) committed 

Chunk freelists:
   Non-Class:  52.00 KB
       Class:  28.00 KB
        Both:  80.00 KB

MaxMetaspaceSize: 17179869184.00 GB
CompressedClassSpaceSize: 1.00 GB

CodeHeap 'non-profiled nmethods': size=120000Kb used=261Kb max_used=261Kb free=119739Kb
 bounds [0x000002701d710000, 0x000002701d980000, 0x0000027024c40000]
CodeHeap 'profiled nmethods': size=120000Kb used=1675Kb max_used=1675Kb free=118324Kb
 bounds [0x00000270161e0000, 0x0000027016450000, 0x000002701d710000]
CodeHeap 'non-nmethods': size=5760Kb used=1153Kb max_used=1172Kb free=4606Kb
 bounds [0x0000027015c40000, 0x0000027015eb0000, 0x00000270161e0000]
 total_blobs=1297 nmethods=893 adapters=317
 compilation: enabled
              stopped_count=0, restarted_count=0
 full_count=0

Compilation events (20 events):
Event: 1.145 Thread 0x000002702a84f3c0  837       3       jdk.internal.org.objectweb.asm.ByteVector::enlarge (51 bytes)
Event: 1.145 Thread 0x000002702a84f3c0 nmethod 837 0x000002701635a290 code [0x000002701635a440, 0x000002701635a748]
Event: 1.145 Thread 0x000002702a84f3c0  838       3       jdk.internal.access.SharedSecrets::getJavaLangAccess (4 bytes)
Event: 1.145 Thread 0x000002702a84f3c0 nmethod 838 0x000002701635a890 code [0x000002701635aa20, 0x000002701635ab18]
Event: 1.148 Thread 0x000002702a84f3c0  839       3       java.lang.invoke.MemberName::getInvocationType (56 bytes)
Event: 1.148 Thread 0x000002702a84f3c0 nmethod 839 0x000002701635ab90 code [0x000002701635adc0, 0x000002701635b688]
Event: 1.148 Thread 0x000002702a84f3c0  841       3       jdk.internal.org.objectweb.asm.MethodWriter::endCurrentBasicBlockWithNoSuccessor (94 bytes)
Event: 1.148 Thread 0x000002702a84f3c0 nmethod 841 0x000002701635b910 code [0x000002701635bb00, 0x000002701635c148]
Event: 1.148 Thread 0x000002702a84f3c0  844       3       jdk.internal.org.objectweb.asm.ByteVector::<init> (13 bytes)
Event: 1.149 Thread 0x000002702a84f3c0 nmethod 844 0x000002701635c390 code [0x000002701635c540, 0x000002701635c798]
Event: 1.149 Thread 0x000002702a84f3c0  845       3       jdk.internal.org.objectweb.asm.ByteVector::putByteArray (49 bytes)
Event: 1.149 Thread 0x000002702a84f3c0 nmethod 845 0x000002701635c890 code [0x000002701635ca40, 0x000002701635ccf8]
Event: 1.149 Thread 0x000002702a84f3c0  842       3       java.lang.invoke.MethodHandle::<init> (37 bytes)
Event: 1.149 Thread 0x000002702a84f3c0 nmethod 842 0x000002701635ce10 code [0x000002701635d020, 0x000002701635d578]
Event: 1.149 Thread 0x000002702a84f3c0  843       3       java.lang.invoke.LambdaForm::prepare (112 bytes)
Event: 1.149 Thread 0x000002702a84f3c0 nmethod 843 0x000002701635d810 code [0x000002701635da40, 0x000002701635e258]
Event: 1.150 Thread 0x000002702a84f3c0  846       3       java.lang.invoke.MethodHandleNatives::refKindIsField (32 bytes)
Event: 1.150 Thread 0x000002702a84f3c0 nmethod 846 0x000002701635e510 code [0x000002701635e6a0, 0x000002701635e7f8]
Event: 1.150 Thread 0x000002702a84f3c0  848       3       jdk.internal.org.objectweb.asm.AnnotationWriter::putAnnotations (67 bytes)
Event: 1.151 Thread 0x000002702a84f3c0 nmethod 848 0x000002701635e890 code [0x000002701635eac0, 0x000002701635eef8]

GC Heap History (0 events):
No events

Deoptimization events (20 events):
Event: 0.769 Thread 0x0000027012230060 DEOPT PACKING pc=0x000002701d71d748 sp=0x00000078b3dfdb50
Event: 0.769 Thread 0x0000027012230060 DEOPT UNPACKING pc=0x0000027015c8e42f sp=0x00000078b3dfda78 mode 2
Event: 0.769 Thread 0x0000027012230060 Uncommon trap: trap_request=0xffffff45 fr.pc=0x000002701d71e38c relative=0x00000000000003ec
Event: 0.769 Thread 0x0000027012230060 Uncommon trap: reason=unstable_if action=reinterpret pc=0x000002701d71e38c method=java.lang.AbstractStringBuilder.isLatin1()Z @ 10 c2
Event: 0.769 Thread 0x0000027012230060 DEOPT PACKING pc=0x000002701d71e38c sp=0x00000078b3dfdb60
Event: 0.769 Thread 0x0000027012230060 DEOPT UNPACKING pc=0x0000027015c8e42f sp=0x00000078b3dfdae0 mode 2
Event: 0.769 Thread 0x0000027012230060 Uncommon trap: trap_request=0xffffff45 fr.pc=0x000002701d71ba58 relative=0x0000000000000058
Event: 0.769 Thread 0x0000027012230060 Uncommon trap: reason=unstable_if action=reinterpret pc=0x000002701d71ba58 method=java.lang.AbstractStringBuilder.isLatin1()Z @ 10 c2
Event: 0.769 Thread 0x0000027012230060 DEOPT PACKING pc=0x000002701d71ba58 sp=0x00000078b3dfdb40
Event: 0.769 Thread 0x0000027012230060 DEOPT UNPACKING pc=0x0000027015c8e42f sp=0x00000078b3dfdad0 mode 2
Event: 0.885 Thread 0x0000027012230060 Uncommon trap: trap_request=0xffffff45 fr.pc=0x000002701d71c860 relative=0x0000000000000060
Event: 0.885 Thread 0x0000027012230060 Uncommon trap: reason=unstable_if action=reinterpret pc=0x000002701d71c860 method=java.io.WinNTFileSystem.isSlash(C)Z @ 9 c2
Event: 0.885 Thread 0x0000027012230060 DEOPT PACKING pc=0x000002701d71c860 sp=0x00000078b3dfe540
Event: 0.885 Thread 0x0000027012230060 DEOPT UNPACKING pc=0x0000027015c8e42f sp=0x00000078b3dfe4c8 mode 2
Event: 0.888 Thread 0x0000027012230060 DEOPT PACKING pc=0x00000270162059bb sp=0x00000078b3dfd4e0
Event: 0.888 Thread 0x0000027012230060 DEOPT UNPACKING pc=0x0000027015c8e23f sp=0x00000078b3dfc958 mode 0
Event: 1.024 Thread 0x0000027012230060 Uncommon trap: trap_request=0xffffffde fr.pc=0x000002701d736f9c relative=0x00000000000009fc
Event: 1.024 Thread 0x0000027012230060 Uncommon trap: reason=class_check action=maybe_recompile pc=0x000002701d736f9c method=java.util.HashMap.putVal(ILjava/lang/Object;Ljava/lang/Object;ZZ)Ljava/lang/Object; @ 253 c2
Event: 1.024 Thread 0x0000027012230060 DEOPT PACKING pc=0x000002701d736f9c sp=0x00000078b3dfdda0
Event: 1.024 Thread 0x0000027012230060 DEOPT UNPACKING pc=0x0000027015c8e42f sp=0x00000078b3dfdd50 mode 2

Classes unloaded (0 events):
No events

Classes redefined (0 events):
No events

Internal exceptions (14 events):
Event: 0.515 Thread 0x0000027012230060 Exception <a 'java/lang/ClassNotFoundException'{0x00000000c5192588}: javax/smartcardio/CardPermission> (0x00000000c5192588) 
thrown [./open/src/hotspot/share/classfile/systemDictionary.cpp, line 295]
Event: 0.522 Thread 0x0000027012230060 Exception <a 'java/io/FileNotFoundException'{0x00000000c51a0868}> (0x00000000c51a0868) 
thrown [./open/src/hotspot/share/prims/jni.cpp, line 578]
Event: 0.580 Thread 0x0000027012230060 Exception <a 'java/lang/NoSuchMethodError'{0x00000000c51cae20}: 'void java.lang.invoke.DirectMethodHandle$Holder.invokeSpecial(java.lang.Object, java.lang.Object, java.lang.Object)'> (0x00000000c51cae20) 
thrown [./open/src/hotspot/share/interpreter/linkResolver.cpp, line 782]
Event: 0.905 Thread 0x0000027012230060 Exception <a 'java/lang/NoSuchMethodError'{0x00000000c4b895d0}: 'java.lang.Object java.lang.invoke.DirectMethodHandle$Holder.invokeSpecialIFC(java.lang.Object, java.lang.Object, java.lang.Object, java.lang.Object)'> (0x00000000c4b895d0) 
thrown [./open/src/hotspot/share/interpreter/linkResolver.cpp, line 782]
Event: 0.932 Thread 0x0000027012230060 Exception <a 'java/lang/NoSuchMethodError'{0x00000000c4a27fb8}: 'int java.lang.invoke.DirectMethodHandle$Holder.invokeStaticInit(java.lang.Object, java.lang.Object)'> (0x00000000c4a27fb8) 
thrown [./open/src/hotspot/share/interpreter/linkResolver.cpp, line 782]
Event: 1.027 Thread 0x0000027012230060 Exception <a 'java/lang/NoSuchMethodError'{0x00000000c4809320}: 'int java.lang.invoke.DirectMethodHandle$Holder.invokeStaticInit(java.lang.Object, java.lang.Object, java.lang.Object)'> (0x00000000c4809320) 
thrown [./open/src/hotspot/share/interpreter/linkResolver.cpp, line 782]
Event: 1.034 Thread 0x0000027012230060 Exception <a 'java/lang/NoSuchMethodError'{0x00000000c4832998}: 'java.lang.Object java.lang.invoke.DirectMethodHandle$Holder.invokeVirtual(java.lang.Object, java.lang.Object, java.lang.Object)'> (0x00000000c4832998) 
thrown [./open/src/hotspot/share/interpreter/linkResolver.cpp, line 782]
Event: 1.039 Thread 0x0000027012230060 Exception <a 'java/lang/NoSuchMethodError'{0x00000000c4860d50}: 'java.lang.Object java.lang.invoke.DirectMethodHandle$Holder.newInvokeSpecial(java.lang.Object, java.lang.Object, java.lang.Object, java.lang.Object, java.lang.Object)'> (0x00000000c4860d50) 
thrown [./open/src/hotspot/share/interpreter/linkResolver.cpp, line 782]
Event: 1.055 Thread 0x0000027012230060 Exception <a 'java/lang/NoSuchMethodError'{0x00000000c48ca3d0}: 'void java.lang.invoke.DirectMethodHandle$Holder.invokeStatic(java.lang.Object, java.lang.Object, java.lang.Object)'> (0x00000000c48ca3d0) 
thrown [./open/src/hotspot/share/interpreter/linkResolver.cpp, line 782]
Event: 1.115 Thread 0x0000027012230060 Exception <a 'java/lang/NoSuchMethodError'{0x00000000c47db420}: 'java.lang.Object java.lang.invoke.DirectMethodHandle$Holder.invokeStatic(java.lang.Object)'> (0x00000000c47db420) 
thrown [./open/src/hotspot/share/interpreter/linkResolver.cpp, line 782]
Event: 1.116 Thread 0x0000027012230060 Exception <a 'java/lang/NoSuchMethodError'{0x00000000c47ded38}: 'java.lang.Object java.lang.invoke.DirectMethodHandle$Holder.invokeStaticInit(java.lang.Object)'> (0x00000000c47ded38) 
thrown [./open/src/hotspot/share/interpreter/linkResolver.cpp, line 782]
Event: 1.140 Thread 0x0000027012230060 Exception <a 'java/lang/NoSuchMethodError'{0x00000000c47fb058}: 'java.lang.Object java.lang.invoke.DirectMethodHandle$Holder.invokeInterface(java.lang.Object, java.lang.Object)'> (0x00000000c47fb058) 
thrown [./open/src/hotspot/share/interpreter/linkResolver.cpp, line 782]
Event: 1.141 Thread 0x0000027012230060 Exception <a 'java/lang/NoSuchMethodError'{0x00000000c4603ea8}: 'java.lang.Object java.lang.invoke.DirectMethodHandle$Holder.invokeStaticInit(java.lang.Object, java.lang.Object, java.lang.Object)'> (0x00000000c4603ea8) 
thrown [./open/src/hotspot/share/interpreter/linkResolver.cpp, line 782]
Event: 1.148 Thread 0x0000027012230060 Exception <a 'java/lang/NoSuchMethodError'{0x00000000c4629f48}: 'int java.lang.invoke.DirectMethodHandle$Holder.invokeSpecial(java.lang.Object, java.lang.Object, java.lang.Object)'> (0x00000000c4629f48) 
thrown [./open/src/hotspot/share/interpreter/linkResolver.cpp, line 782]

Events (20 events):
Event: 1.146 loading class java/util/stream/ReduceOps$2ReducingSink done
Event: 1.146 loading class java/util/stream/ReferencePipeline$2$1
Event: 1.146 loading class java/util/stream/ReferencePipeline$2$1 done
Event: 1.146 loading class sun/management/RuntimeImpl
Event: 1.146 loading class sun/management/RuntimeImpl done
Event: 1.147 loading class java/util/Collections$SingletonMap
Event: 1.147 loading class java/util/Collections$SingletonMap done
Event: 1.149 loading class java/util/stream/ReferencePipeline$3
Event: 1.149 loading class java/util/stream/ReferencePipeline$3 done
Event: 1.149 loading class java/util/stream/ReferencePipeline$3$1
Event: 1.149 loading class java/util/stream/ReferencePipeline$3$1 done
Event: 1.149 loading class java/util/ArrayList$SubList
Event: 1.150 loading class java/util/ArrayList$SubList done
Event: 1.150 loading class java/util/function/IntFunction
Event: 1.150 loading class java/util/function/IntFunction done
Event: 1.151 loading class java/util/stream/Nodes
Event: 1.152 loading class java/util/stream/Nodes done
Event: 1.152 loading class java/util/stream/Nodes$EmptyNode$OfRef
Event: 1.152 loading class java/util/stream/Nodes$EmptyNode
Event: 1.152 loading class java/util/stream/Node


Dynamic libraries:
0x00007ff681320000 - 0x00007ff68132d000 	C:\Users\DELL\Desktop\software\sts-4.8.1.RELEASE\plugins\org.eclipse.justj.openjdk.hotspot.jre.full.win32.x86_64_15.0.0.v20201014-1246\jre\bin\javaw.exe
0x00007ff9afa10000 - 0x00007ff9afc06000 	C:\WINDOWS\SYSTEM32\ntdll.dll
0x00007ff9af310000 - 0x00007ff9af3cd000 	C:\WINDOWS\System32\KERNEL32.DLL
0x00007ff9ad150000 - 0x00007ff9ad419000 	C:\WINDOWS\System32\KERNELBASE.dll
0x00007ff9ad700000 - 0x00007ff9ad800000 	C:\WINDOWS\System32\ucrtbase.dll
0x00007ff99b8d0000 - 0x00007ff99b8e9000 	C:\Users\DELL\Desktop\software\sts-4.8.1.RELEASE\plugins\org.eclipse.justj.openjdk.hotspot.jre.full.win32.x86_64_15.0.0.v20201014-1246\jre\bin\VCRUNTIME140.dll
0x00007ff9a7db0000 - 0x00007ff9a7dc8000 	C:\Users\DELL\Desktop\software\sts-4.8.1.RELEASE\plugins\org.eclipse.justj.openjdk.hotspot.jre.full.win32.x86_64_15.0.0.v20201014-1246\jre\bin\jli.dll
0x00007ff9adf80000 - 0x00007ff9ae120000 	C:\WINDOWS\System32\USER32.dll
0x00007ff9ad6d0000 - 0x00007ff9ad6f2000 	C:\WINDOWS\System32\win32u.dll
0x00007ff9a2480000 - 0x00007ff9a271b000 	C:\WINDOWS\WinSxS\amd64_microsoft.windows.common-controls_6595b64144ccf1df_6.0.19041.488_none_ca04af081b815d21\COMCTL32.dll
0x00007ff9af0c0000 - 0x00007ff9af0ea000 	C:\WINDOWS\System32\GDI32.dll
0x00007ff9af3d0000 - 0x00007ff9af46e000 	C:\WINDOWS\System32\msvcrt.dll
0x00007ff9ad800000 - 0x00007ff9ad909000 	C:\WINDOWS\System32\gdi32full.dll
0x00007ff9ad420000 - 0x00007ff9ad4bd000 	C:\WINDOWS\System32\msvcp_win.dll
0x00007ff9af280000 - 0x00007ff9af2b0000 	C:\WINDOWS\System32\IMM32.DLL
0x00007ff9a7660000 - 0x00007ff9a766c000 	C:\Users\DELL\Desktop\software\sts-4.8.1.RELEASE\plugins\org.eclipse.justj.openjdk.hotspot.jre.full.win32.x86_64_15.0.0.v20201014-1246\jre\bin\vcruntime140_1.dll
0x00007ff98dfe0000 - 0x00007ff98e071000 	C:\Users\DELL\Desktop\software\sts-4.8.1.RELEASE\plugins\org.eclipse.justj.openjdk.hotspot.jre.full.win32.x86_64_15.0.0.v20201014-1246\jre\bin\msvcp140.dll
0x00007ff97c420000 - 0x00007ff97cf7c000 	C:\Users\DELL\Desktop\software\sts-4.8.1.RELEASE\plugins\org.eclipse.justj.openjdk.hotspot.jre.full.win32.x86_64_15.0.0.v20201014-1246\jre\bin\server\jvm.dll
0x00007ff9ae3e0000 - 0x00007ff9ae48c000 	C:\WINDOWS\System32\ADVAPI32.dll
0x00007ff9af150000 - 0x00007ff9af1ec000 	C:\WINDOWS\System32\sechost.dll
0x00007ff9ae500000 - 0x00007ff9ae62b000 	C:\WINDOWS\System32\RPCRT4.dll
0x00007ff9ae6b0000 - 0x00007ff9ae6b8000 	C:\WINDOWS\System32\PSAPI.DLL
0x00007ff9a5300000 - 0x00007ff9a530a000 	C:\WINDOWS\SYSTEM32\VERSION.dll
0x00007ff9a21b0000 - 0x00007ff9a21d7000 	C:\WINDOWS\SYSTEM32\WINMM.dll
0x00007ff99f610000 - 0x00007ff99f619000 	C:\WINDOWS\SYSTEM32\WSOCK32.dll
0x00007ff9ae490000 - 0x00007ff9ae4fb000 	C:\WINDOWS\System32\WS2_32.dll
0x00007ff9aba80000 - 0x00007ff9aba92000 	C:\WINDOWS\SYSTEM32\kernel.appcore.dll
0x00007ff9a8630000 - 0x00007ff9a863a000 	C:\Users\DELL\Desktop\software\sts-4.8.1.RELEASE\plugins\org.eclipse.justj.openjdk.hotspot.jre.full.win32.x86_64_15.0.0.v20201014-1246\jre\bin\jimage.dll
0x00007ff9aaf90000 - 0x00007ff9ab174000 	C:\WINDOWS\SYSTEM32\DBGHELP.DLL
0x00007ff9a52d0000 - 0x00007ff9a52fc000 	C:\WINDOWS\SYSTEM32\dbgcore.DLL
0x00007ff9ad620000 - 0x00007ff9ad6a0000 	C:\WINDOWS\System32\bcryptPrimitives.dll
0x00007ff9a2b70000 - 0x00007ff9a2b95000 	C:\Users\DELL\Desktop\software\sts-4.8.1.RELEASE\plugins\org.eclipse.justj.openjdk.hotspot.jre.full.win32.x86_64_15.0.0.v20201014-1246\jre\bin\java.dll
0x00007ff9a5990000 - 0x00007ff9a59a8000 	C:\Users\DELL\Desktop\software\sts-4.8.1.RELEASE\plugins\org.eclipse.justj.openjdk.hotspot.jre.full.win32.x86_64_15.0.0.v20201014-1246\jre\bin\zip.dll
0x00007ff9ae840000 - 0x00007ff9aef82000 	C:\WINDOWS\System32\SHELL32.dll
0x00007ff9ab280000 - 0x00007ff9aba15000 	C:\WINDOWS\SYSTEM32\windows.storage.dll
0x00007ff9adc20000 - 0x00007ff9adf76000 	C:\WINDOWS\System32\combase.dll
0x00007ff9acbc0000 - 0x00007ff9acbec000 	C:\WINDOWS\SYSTEM32\Wldp.dll
0x00007ff9ae6c0000 - 0x00007ff9ae76e000 	C:\WINDOWS\System32\SHCORE.dll
0x00007ff9af0f0000 - 0x00007ff9af145000 	C:\WINDOWS\System32\shlwapi.dll
0x00007ff9ad080000 - 0x00007ff9ad0a6000 	C:\WINDOWS\SYSTEM32\profapi.dll
0x00007ff9a3e30000 - 0x00007ff9a3e49000 	C:\Users\DELL\Desktop\software\sts-4.8.1.RELEASE\plugins\org.eclipse.justj.openjdk.hotspot.jre.full.win32.x86_64_15.0.0.v20201014-1246\jre\bin\net.dll
0x00007ff9a35c0000 - 0x00007ff9a36c0000 	C:\WINDOWS\SYSTEM32\WINHTTP.dll
0x00007ff9ac940000 - 0x00007ff9ac9aa000 	C:\WINDOWS\system32\mswsock.dll
0x00007ff9a2b50000 - 0x00007ff9a2b62000 	C:\Users\DELL\Desktop\software\sts-4.8.1.RELEASE\plugins\org.eclipse.justj.openjdk.hotspot.jre.full.win32.x86_64_15.0.0.v20201014-1246\jre\bin\nio.dll
0x00007ff9a7880000 - 0x00007ff9a7890000 	C:\Users\DELL\Desktop\software\sts-4.8.1.RELEASE\plugins\org.eclipse.justj.openjdk.hotspot.jre.full.win32.x86_64_15.0.0.v20201014-1246\jre\bin\verify.dll
0x00007ff9a6a70000 - 0x00007ff9a6a79000 	C:\Users\DELL\Desktop\software\sts-4.8.1.RELEASE\plugins\org.eclipse.justj.openjdk.hotspot.jre.full.win32.x86_64_15.0.0.v20201014-1246\jre\bin\management.dll
0x00007ff9a6590000 - 0x00007ff9a659b000 	C:\Users\DELL\Desktop\software\sts-4.8.1.RELEASE\plugins\org.eclipse.justj.openjdk.hotspot.jre.full.win32.x86_64_15.0.0.v20201014-1246\jre\bin\management_ext.dll

dbghelp: loaded successfully - version: 4.0.5 - missing functions: none
symbol engine: initialized successfully - sym options: 0x614 - pdb path: .;C:\Users\DELL\Desktop\software\sts-4.8.1.RELEASE\plugins\org.eclipse.justj.openjdk.hotspot.jre.full.win32.x86_64_15.0.0.v20201014-1246\jre\bin;C:\WINDOWS\SYSTEM32;C:\WINDOWS\WinSxS\amd64_microsoft.windows.common-controls_6595b64144ccf1df_6.0.19041.488_none_ca04af081b815d21;C:\Users\DELL\Desktop\software\sts-4.8.1.RELEASE\plugins\org.eclipse.justj.openjdk.hotspot.jre.full.win32.x86_64_15.0.0.v20201014-1246\jre\bin\server

VM Arguments:
jvm_args: -Dfile.encoding=UTF-8 -XX:+ShowCodeDetailsInExceptionMessages 
java_command: com.capge.employeepayroll.EmployeePayrollApplication
java_class_path (initial): C:\Users\DELL\Documents\workspace-spring-tool-suite-4-4.8.1.RELEASE\EmployeePayroll\target\classes;C:\Users\DELL\.m2\repository\org\springframework\boot\spring-boot-starter\2.4.0\spring-boot-starter-2.4.0.jar;C:\Users\DELL\.m2\repository\org\springframework\boot\spring-boot\2.4.0\spring-boot-2.4.0.jar;C:\Users\DELL\.m2\repository\org\springframework\spring-context\5.3.1\spring-context-5.3.1.jar;C:\Users\DELL\.m2\repository\org\springframework\boot\spring-boot-autoconfigure\2.4.0\spring-boot-autoconfigure-2.4.0.jar;C:\Users\DELL\.m2\repository\org\springframework\boot\spring-boot-starter-logging\2.4.0\spring-boot-starter-logging-2.4.0.jar;C:\Users\DELL\.m2\repository\ch\qos\logback\logback-classic\1.2.3\logback-classic-1.2.3.jar;C:\Users\DELL\.m2\repository\ch\qos\logback\logback-core\1.2.3\logback-core-1.2.3.jar;C:\Users\DELL\.m2\repository\org\apache\logging\log4j\log4j-to-slf4j\2.13.3\log4j-to-slf4j-2.13.3.jar;C:\Users\DELL\.m2\repository\org\apache\logging\log4j\log4j-api\2.13.3\log4j-api-2.13.3.jar;C:\Users\DELL\.m2\repository\org\slf4j\jul-to-slf4j\1.7.30\jul-to-slf4j-1.7.30.jar;C:\Users\DELL\.m2\repository\jakarta\annotation\jakarta.annotation-api\1.3.5\jakarta.annotation-api-1.3.5.jar;C:\Users\DELL\.m2\repository\org\springframework\spring-core\5.3.1\spring-core-5.3.1.jar;C:\Users\DELL\.m2\repository\org\springframework\spring-jcl\5.3.1\spring-jcl-5.3.1.jar;C:\Users\DELL\.m2\repository\org\yaml\snakeyaml\1.27\snakeyaml-1.27.jar;C:\Users\DELL\.m2\repository\org\springframework\boot\spring-boot-starter-web\2.4.0\spring-boot-starter-web-2.4.0.jar;C:\Users\DELL\.m2\repository\org\springframework\boot\spring-boot-starter-json\2.4.0\spring-boot-starter-json-2.4.0.jar;C:\Users\DELL\.m2\repository\com\fasterxml\jackson\core\jackson-databind\2.11.3\jackson-databind-2.11.3.jar;C:\Users\DELL\.m2\repository\com\fasterxml\jackson\core\jackson-core\2.11.3\jackson-core-2.11.3.jar;C:\Users\DELL\.m2\repository\com\fasterxml\jackson\datatype\jackso
Launcher Type: SUN_STANDARD

[Global flags]
     intx CICompilerCount                          = 4                                         {product} {ergonomic}
     uint ConcGCThreads                            = 2                                         {product} {ergonomic}
     uint G1ConcRefinementThreads                  = 8                                         {product} {ergonomic}
   size_t G1HeapRegionSize                         = 1048576                                   {product} {ergonomic}
    uintx GCDrainStackTargetSize                   = 64                                        {product} {ergonomic}
   size_t InitialHeapSize                          = 67108864                                  {product} {ergonomic}
   size_t MarkStackSize                            = 4194304                                   {product} {ergonomic}
   size_t MaxHeapSize                              = 1048576000                                {product} {ergonomic}
   size_t MaxNewSize                               = 629145600                                 {product} {ergonomic}
   size_t MinHeapDeltaBytes                        = 1048576                                   {product} {ergonomic}
   size_t MinHeapSize                              = 8388608                                   {product} {ergonomic}
    uintx NonNMethodCodeHeapSize                   = 5839372                                {pd product} {ergonomic}
    uintx NonProfiledCodeHeapSize                  = 122909434                              {pd product} {ergonomic}
    uintx ProfiledCodeHeapSize                     = 122909434                              {pd product} {ergonomic}
    uintx ReservedCodeCacheSize                    = 251658240                              {pd product} {ergonomic}
     bool SegmentedCodeCache                       = true                                      {product} {ergonomic}
     bool ShowCodeDetailsInExceptionMessages       = true                                   {manageable} {command line}
   size_t SoftMaxHeapSize                          = 1048576000                             {manageable} {ergonomic}
     bool UseCompressedClassPointers               = true                                 {lp64_product} {ergonomic}
     bool UseCompressedOops                        = true                                 {lp64_product} {ergonomic}
     bool UseG1GC                                  = true                                      {product} {ergonomic}
     bool UseLargePagesIndividualAllocation        = false                                  {pd product} {ergonomic}

Logging:
Log output configuration:
 #0: stdout all=warning uptime,level,tags
 #1: stderr all=off uptime,level,tags

Environment Variables:
JAVA_HOME=C:\Program Files\Java\jdk-14.0.1
PATH=C:/Users/DELL/Desktop/software/sts-4.8.1.RELEASE//plugins/org.eclipse.justj.openjdk.hotspot.jre.full.win32.x86_64_15.0.0.v20201014-1246/jre/bin/server;C:/Users/DELL/Desktop/software/sts-4.8.1.RELEASE//plugins/org.eclipse.justj.openjdk.hotspot.jre.full.win32.x86_64_15.0.0.v20201014-1246/jre/bin;C:\Program Files\Common Files\Oracle\Java\javapath;C:\WINDOWS\system32;C:\WINDOWS;C:\WINDOWS\System32\Wbem;C:\WINDOWS\System32\WindowsPowerShell\v1.0\;C:\WINDOWS\System32\OpenSSH\;C:\Program Files\nodejs\;C:\Program Files\Git\cmd;C:\Program Files\Java\jdk-14.0.1\bin;C:\Program Files\OpenJDK\openjdk-11.0.9_11\bin;C:\ProgramData\chocolatey\bin;C:\Program Files\OpenJDK\openjdk-11.0.9_11\bin;C:\ProgramData\chocolatey\lib\Tomcat\tools\apache-tomcat-9.0.40\bin;C:\Program Files\MySQL\MySQL Shell 8.0\bin\;C:\Program Files\nodejs\node.exe;C:\Users\DELL\Desktop\html\sublime\javascript\Microsoft VS Code\bin;C:\Users\DELL\AppData\Local\Microsoft\WindowsApps;C:\Users\DELL\AppData\Local\Programs\Microsoft VS Code\bin;C:\ProgramData\chocolatey\lib\Tomcat\tools\apache-tomcat-9.0.40.\bin;C:\Users\DELL\AppData\Roaming\npm;C:\Users\DELL\Desktop\nginx\nginx-1.18.0;;C:\Users\DELL\Desktop\software\sts-4.8.1.RELEASE;
USERNAME=DELL
OS=Windows_NT
PROCESSOR_IDENTIFIER=Intel64 Family 6 Model 142 Stepping 10, GenuineIntel



---------------  S Y S T E M  ---------------

OS:
 Windows 10 , 64 bit Build 19041 (10.0.19041.662)
OS uptime: 11 days 5:58 hours

CPU: total 8 (initial active 8) (4 cores per cpu, 2 threads per core) family 6 model 142 stepping 10, cmov, cx8, fxsr, mmx, sse, sse2, sse3, ssse3, sse4.1, sse4.2, popcnt, vzeroupper, avx, avx2, aes, clmul, erms, 3dnowpref, lzcnt, ht, tsc, tscinvbit, bmi1, bmi2, adx, fma, clflush, clflushopt

Memory: 4k page, system-wide physical 3993M (224M free)
TotalPageFile size 10137M (AvailPageFile size 0M)
current process WorkingSet (physical memory assigned to process): 83M, peak: 83M
current process commit charge ("private bytes"): 156M, peak: 156M

vm_info: OpenJDK 64-Bit Server VM (15+36-1562) for windows-amd64 JRE (15+36-1562), built on Aug 11 2020 22:33:04 by "mach5one" with unknown MS VC++:1925

END.
