#
# There is insufficient memory for the Java Runtime Environment to continue.
# Native memory allocation (malloc) failed to allocate 1189632 bytes for Chunk::new
# Possible reasons:
#   The system is out of physical RAM or swap space
#   The process is running with CompressedOops enabled, and the Java Heap may be blocking the growth of the native heap
# Possible solutions:
#   Reduce memory load on the system
#   Increase physical memory or swap space
#   Check if swap backing store is full
#   Decrease Java heap size (-Xmx/-Xms)
#   Decrease number of Java threads
#   Decrease Java thread stack sizes (-Xss)
#   Set larger code cache with -XX:ReservedCodeCacheSize=
#   JVM is running with Unscaled Compressed Oops mode in which the Java heap is
#     placed in the first 4GB address space. The Java Heap base address is the
#     maximum limit for the native heap growth. Please use -XX:HeapBaseMinAddress
#     to set the Java Heap base and to place the Java Heap above 4GB virtual address.
# This output file may be truncated or incomplete.
#
#  Out of Memory Error (./open/src/hotspot/share/memory/arena.cpp:195), pid=9812, tid=18244
#
# JRE version: OpenJDK Runtime Environment (15.0+36) (build 15+36-1562)
# Java VM: OpenJDK 64-Bit Server VM (15+36-1562, mixed mode, tiered, compressed oops, g1 gc, windows-amd64)
# No core dump will be written. Minidumps are not enabled by default on client versions of Windows
#

---------------  S U M M A R Y ------------

Command Line: -Dfile.encoding=UTF-8 -XX:+ShowCodeDetailsInExceptionMessages com.capge.employeepayroll.EmployeePayrollApplication

Host: Intel(R) Core(TM) i5-8250U CPU @ 1.60GHz, 8 cores, 3G,  Windows 10 , 64 bit Build 19041 (10.0.19041.662)
Time: Tue Dec 22 17:06:26 2020 India Standard Time elapsed time: 50.910343 seconds (0d 0h 0m 50s)

---------------  T H R E A D  ---------------

Current thread (0x00000243d9dd7c00):  JavaThread "C2 CompilerThread0" daemon [_thread_in_native, id=18244, stack(0x000000ff16400000,0x000000ff16500000)]


Current CompileTask:
C2:  50910 6206   !   4       jdk.internal.loader.BuiltinClassLoader::findClassOnClassPathOrNull (64 bytes)

Stack: [0x000000ff16400000,0x000000ff16500000]
Native frames: (J=compiled Java code, j=interpreted, Vv=VM code, C=native code)
V  [jvm.dll+0x629eaa]
V  [jvm.dll+0x780379]
V  [jvm.dll+0x781ad3]
V  [jvm.dll+0x782133]
V  [jvm.dll+0x2159d5]
V  [jvm.dll+0x9794a]
V  [jvm.dll+0x9802c]
V  [jvm.dll+0x32dc35]
V  [jvm.dll+0x18db3a]
V  [jvm.dll+0x1e9ef2]
V  [jvm.dll+0x1e903e]
V  [jvm.dll+0x177f17]
V  [jvm.dll+0x1f88f5]
V  [jvm.dll+0x1f699c]
V  [jvm.dll+0x74384d]
V  [jvm.dll+0x73c64a]
V  [jvm.dll+0x628d16]
C  [ucrtbase.dll+0x214c2]
C  [KERNEL32.DLL+0x17034]
C  [ntdll.dll+0x4d0d1]


---------------  P R O C E S S  ---------------

Threads class SMR info:
_java_thread_list=0x00000243dea27b00, length=33, elements={
0x00000243d94a8130, 0x00000243d94a9a90, 0x00000243d94c6000, 0x00000243d94c78d0,
0x00000243d94c9940, 0x00000243d9dd7c00, 0x00000243d9dda6c0, 0x00000243d9ddd770,
0x00000243d9f56000, 0x00000243d9f87320, 0x00000243dae6f3a0, 0x00000243dae71080,
0x00000243dae6fd40, 0x00000243dae70210, 0x00000243dae6d6c0, 0x00000243dae70bb0,
0x00000243dbc0a230, 0x00000243dbc0abd0, 0x00000243dbc08550, 0x00000243dbc05ed0,
0x00000243dbc09d60, 0x00000243dbc0b570, 0x00000243dbc07bb0, 0x00000243dbc05530,
0x00000243dbc076e0, 0x00000243dbc0ba40, 0x00000243dbc0c8b0, 0x00000243dbc08a20,
0x00000243dbc08080, 0x00000243dbc0a700, 0x00000243dbc05a00, 0x00000243dbc08ef0,
0x00000243dbc063a0
}

Java Threads: ( => current thread )
  0x00000243d94a8130 JavaThread "Reference Handler" daemon [_thread_blocked, id=7928, stack(0x000000ff15f00000,0x000000ff16000000)]
  0x00000243d94a9a90 JavaThread "Finalizer" daemon [_thread_blocked, id=15696, stack(0x000000ff16000000,0x000000ff16100000)]
  0x00000243d94c6000 JavaThread "Signal Dispatcher" daemon [_thread_blocked, id=7748, stack(0x000000ff16100000,0x000000ff16200000)]
  0x00000243d94c78d0 JavaThread "Attach Listener" daemon [_thread_blocked, id=10692, stack(0x000000ff16200000,0x000000ff16300000)]
  0x00000243d94c9940 JavaThread "Service Thread" daemon [_thread_blocked, id=10696, stack(0x000000ff16300000,0x000000ff16400000)]
=>0x00000243d9dd7c00 JavaThread "C2 CompilerThread0" daemon [_thread_in_native, id=18244, stack(0x000000ff16400000,0x000000ff16500000)]
  0x00000243d9dda6c0 JavaThread "C1 CompilerThread0" daemon [_thread_blocked, id=13376, stack(0x000000ff16500000,0x000000ff16600000)]
  0x00000243d9ddd770 JavaThread "Sweeper thread" daemon [_thread_blocked, id=13804, stack(0x000000ff16600000,0x000000ff16700000)]
  0x00000243d9f56000 JavaThread "Notification Thread" daemon [_thread_blocked, id=12128, stack(0x000000ff16700000,0x000000ff16800000)]
  0x00000243d9f87320 JavaThread "Common-Cleaner" daemon [_thread_blocked, id=17664, stack(0x000000ff16900000,0x000000ff16a00000)]
  0x00000243dae6f3a0 JavaThread "mysql-cj-abandoned-connection-cleanup" daemon [_thread_blocked, id=17484, stack(0x000000ff16d00000,0x000000ff16e00000)]
  0x00000243dae71080 JavaThread "HikariPool-1 housekeeper" daemon [_thread_blocked, id=15984, stack(0x000000ff17600000,0x000000ff17700000)]
  0x00000243dae6fd40 JavaThread "Catalina-utility-1" [_thread_blocked, id=13808, stack(0x000000ff17700000,0x000000ff17800000)]
  0x00000243dae70210 JavaThread "Catalina-utility-2" [_thread_blocked, id=12724, stack(0x000000ff17800000,0x000000ff17900000)]
  0x00000243dae6d6c0 JavaThread "container-0" [_thread_blocked, id=9820, stack(0x000000ff17900000,0x000000ff17a00000)]
  0x00000243dae70bb0 JavaThread "task-1" [_thread_blocked, id=17620, stack(0x000000ff17b00000,0x000000ff17c00000)]
  0x00000243dbc0a230 JavaThread "Live Reload Server" daemon [_thread_in_native, id=9416, stack(0x000000ff17d00000,0x000000ff17e00000)]
  0x00000243dbc0abd0 JavaThread "File Watcher" daemon [_thread_blocked, id=16104, stack(0x000000ff17c00000,0x000000ff17d00000)]
  0x00000243dbc08550 JavaThread "http-nio-8080-BlockPoller" daemon [_thread_in_native, id=8256, stack(0x000000ff17e00000,0x000000ff17f00000)]
  0x00000243dbc05ed0 JavaThread "http-nio-8080-exec-1" daemon [_thread_blocked, id=18008, stack(0x000000ff17f00000,0x000000ff18000000)]
  0x00000243dbc09d60 JavaThread "http-nio-8080-exec-2" daemon [_thread_blocked, id=8900, stack(0x000000ff18000000,0x000000ff18100000)]
  0x00000243dbc0b570 JavaThread "http-nio-8080-exec-3" daemon [_thread_blocked, id=17444, stack(0x000000ff18100000,0x000000ff18200000)]
  0x00000243dbc07bb0 JavaThread "http-nio-8080-exec-4" daemon [_thread_blocked, id=2572, stack(0x000000ff18200000,0x000000ff18300000)]
  0x00000243dbc05530 JavaThread "http-nio-8080-exec-5" daemon [_thread_blocked, id=9584, stack(0x000000ff18300000,0x000000ff18400000)]
  0x00000243dbc076e0 JavaThread "http-nio-8080-exec-6" daemon [_thread_blocked, id=1660, stack(0x000000ff18400000,0x000000ff18500000)]
  0x00000243dbc0ba40 JavaThread "http-nio-8080-exec-7" daemon [_thread_blocked, id=14984, stack(0x000000ff18500000,0x000000ff18600000)]
  0x00000243dbc0c8b0 JavaThread "http-nio-8080-exec-8" daemon [_thread_blocked, id=4856, stack(0x000000ff18600000,0x000000ff18700000)]
  0x00000243dbc08a20 JavaThread "http-nio-8080-exec-9" daemon [_thread_blocked, id=12436, stack(0x000000ff18700000,0x000000ff18800000)]
  0x00000243dbc08080 JavaThread "http-nio-8080-exec-10" daemon [_thread_blocked, id=17200, stack(0x000000ff18800000,0x000000ff18900000)]
  0x00000243dbc0a700 JavaThread "http-nio-8080-ClientPoller" daemon [_thread_in_native, id=8104, stack(0x000000ff18900000,0x000000ff18a00000)]
  0x00000243dbc05a00 JavaThread "http-nio-8080-Acceptor" daemon [_thread_in_native, id=6656, stack(0x000000ff18a00000,0x000000ff18b00000)]
  0x00000243dbc08ef0 JavaThread "task-2" [_thread_blocked, id=15184, stack(0x000000ff18b00000,0x000000ff18c00000)]
  0x00000243dbc063a0 JavaThread "DestroyJavaVM" [_thread_blocked, id=12556, stack(0x000000ff15800000,0x000000ff15900000)]

Other Threads:
  0x00000243d9470b00 VMThread "VM Thread" [stack: 0x000000ff15e00000,0x000000ff15f00000] [id=9192]
  0x00000243d9f59290 WatcherThread [stack: 0x000000ff16800000,0x000000ff16900000] [id=16132]
  0x00000243c17ed160 GCTaskThread "GC Thread#0" [stack: 0x000000ff15900000,0x000000ff15a00000] [id=4980]
  0x00000243da143150 GCTaskThread "GC Thread#1" [stack: 0x000000ff16a00000,0x000000ff16b00000] [id=10544]
  0x00000243da140b10 GCTaskThread "GC Thread#2" [stack: 0x000000ff16e00000,0x000000ff16f00000] [id=8004]
  0x00000243da141170 GCTaskThread "GC Thread#3" [stack: 0x000000ff16f00000,0x000000ff17000000] [id=15136]
  0x00000243da142e20 GCTaskThread "GC Thread#4" [stack: 0x000000ff17000000,0x000000ff17100000] [id=10036]
  0x00000243da1427c0 GCTaskThread "GC Thread#5" [stack: 0x000000ff17100000,0x000000ff17200000] [id=11560]
  0x00000243da141e30 GCTaskThread "GC Thread#6" [stack: 0x000000ff17200000,0x000000ff17300000] [id=15312]
  0x00000243da1417d0 GCTaskThread "GC Thread#7" [stack: 0x000000ff17300000,0x000000ff17400000] [id=7196]
  0x00000243c17f7620 ConcurrentGCThread "G1 Main Marker" [stack: 0x000000ff15a00000,0x000000ff15b00000] [id=9256]
  0x00000243c17f7fd0 ConcurrentGCThread "G1 Conc#0" [stack: 0x000000ff15b00000,0x000000ff15c00000] [id=968]
  0x00000243da142af0 ConcurrentGCThread "G1 Conc#1" [stack: 0x000000ff17400000,0x000000ff17500000] [id=17520]
  0x00000243c185a610 ConcurrentGCThread "G1 Refine#0" [stack: 0x000000ff15c00000,0x000000ff15d00000] [id=15692]
  0x00000243c185bef0 ConcurrentGCThread "G1 Young RemSet Sampling" [stack: 0x000000ff15d00000,0x000000ff15e00000] [id=17232]

Threads with active compile tasks:
C2 CompilerThread0    50998 6206   !   4       jdk.internal.loader.BuiltinClassLoader::findClassOnClassPathOrNull (64 bytes)

VM state: not at safepoint (normal execution)

VM Mutex/Monitor currently owned by a thread: None

Heap address: 0x00000000c1800000, size: 1000 MB, Compressed Oops mode: 32-bit
CDS disabled.
Compressed class space mapped at: 0x0000000100000000-0x0000000140000000, size: 1073741824
Narrow klass base: 0x0000000000000000, Narrow klass shift: 3, Narrow klass range: 0x140000000

GC Precious Log:
 CPUs: 8 total, 8 available
 Memory: 3993M
 Large Page Support: Disabled
 NUMA Support: Disabled
 Compressed Oops: Enabled (32-bit)
 Heap Region Size: 1M
 Heap Min Capacity: 8M
 Heap Initial Capacity: 64M
 Heap Max Capacity: 1000M
 Pre-touch: Disabled
 Parallel Workers: 8
 Concurrent Workers: 2
 Concurrent Refinement Workers: 8
 Periodic GC: Disabled

Heap:
 garbage-first heap   total 79872K, used 50734K [0x00000000c1800000, 0x0000000100000000)
  region size 1024K, 23 young (23552K), 4 survivors (4096K)
 Metaspace       used 77003K, capacity 77620K, committed 77768K, reserved 1118208K
  class space    used 9565K, capacity 9790K, committed 9804K, reserved 1048576K

Heap Regions: E=young(eden), S=young(survivor), O=old, HS=humongous(starts), HC=humongous(continues), CS=collection set, F=free, OA=open archive, CA=closed archive, TAMS=top-at-mark-start (previous, next)
|   0|0x00000000c1800000, 0x00000000c1900000, 0x00000000c1900000|100%|HS|  |TAMS 0x00000000c1900000, 0x00000000c1800000| Complete 
|   1|0x00000000c1900000, 0x00000000c1a00000, 0x00000000c1a00000|100%| O|  |TAMS 0x00000000c1a00000, 0x00000000c1900000| Untracked 
|   2|0x00000000c1a00000, 0x00000000c1b00000, 0x00000000c1b00000|100%| O|  |TAMS 0x00000000c1b00000, 0x00000000c1a00000| Untracked 
|   3|0x00000000c1b00000, 0x00000000c1c00000, 0x00000000c1c00000|100%| O|  |TAMS 0x00000000c1c00000, 0x00000000c1b00000| Untracked 
|   4|0x00000000c1c00000, 0x00000000c1d00000, 0x00000000c1d00000|100%| O|  |TAMS 0x00000000c1d00000, 0x00000000c1c00000| Untracked 
|   5|0x00000000c1d00000, 0x00000000c1e00000, 0x00000000c1e00000|100%| O|  |TAMS 0x00000000c1e00000, 0x00000000c1d00000| Untracked 
|   6|0x00000000c1e00000, 0x00000000c1eb9400, 0x00000000c1f00000| 72%| O|  |TAMS 0x00000000c1eb9400, 0x00000000c1e00000| Untracked 
|   7|0x00000000c1f00000, 0x00000000c2000000, 0x00000000c2000000|100%| O|  |TAMS 0x00000000c2000000, 0x00000000c1f00000| Untracked 
|   8|0x00000000c2000000, 0x00000000c2100000, 0x00000000c2100000|100%| O|  |TAMS 0x00000000c2100000, 0x00000000c2000000| Untracked 
|   9|0x00000000c2100000, 0x00000000c2200000, 0x00000000c2200000|100%| O|  |TAMS 0x00000000c2200000, 0x00000000c2100000| Untracked 
|  10|0x00000000c2200000, 0x00000000c2300000, 0x00000000c2300000|100%| O|  |TAMS 0x00000000c2300000, 0x00000000c2200000| Untracked 
|  11|0x00000000c2300000, 0x00000000c2400000, 0x00000000c2400000|100%| O|  |TAMS 0x00000000c2400000, 0x00000000c2300000| Untracked 
|  12|0x00000000c2400000, 0x00000000c2500000, 0x00000000c2500000|100%| O|  |TAMS 0x00000000c2500000, 0x00000000c2400000| Untracked 
|  13|0x00000000c2500000, 0x00000000c2600000, 0x00000000c2600000|100%| O|  |TAMS 0x00000000c2600000, 0x00000000c2500000| Untracked 
|  14|0x00000000c2600000, 0x00000000c2700000, 0x00000000c2700000|100%| O|  |TAMS 0x00000000c2700000, 0x00000000c2600000| Untracked 
|  15|0x00000000c2700000, 0x00000000c2800000, 0x00000000c2800000|100%| O|  |TAMS 0x00000000c2800000, 0x00000000c2700000| Untracked 
|  16|0x00000000c2800000, 0x00000000c2900000, 0x00000000c2900000|100%| O|  |TAMS 0x00000000c2900000, 0x00000000c2800000| Untracked 
|  17|0x00000000c2900000, 0x00000000c2a00000, 0x00000000c2a00000|100%| O|  |TAMS 0x00000000c2a00000, 0x00000000c2900000| Untracked 
|  18|0x00000000c2a00000, 0x00000000c2b00000, 0x00000000c2b00000|100%| O|  |TAMS 0x00000000c2b00000, 0x00000000c2a00000| Untracked 
|  19|0x00000000c2b00000, 0x00000000c2c00000, 0x00000000c2c00000|100%| O|  |TAMS 0x00000000c2c00000, 0x00000000c2b00000| Untracked 
|  20|0x00000000c2c00000, 0x00000000c2d00000, 0x00000000c2d00000|100%| O|  |TAMS 0x00000000c2d00000, 0x00000000c2c00000| Untracked 
|  21|0x00000000c2d00000, 0x00000000c2e00000, 0x00000000c2e00000|100%| O|  |TAMS 0x00000000c2e00000, 0x00000000c2d00000| Untracked 
|  22|0x00000000c2e00000, 0x00000000c2f00000, 0x00000000c2f00000|100%| O|  |TAMS 0x00000000c2f00000, 0x00000000c2e00000| Untracked 
|  23|0x00000000c2f00000, 0x00000000c3000000, 0x00000000c3000000|100%| O|  |TAMS 0x00000000c3000000, 0x00000000c2f00000| Untracked 
|  24|0x00000000c3000000, 0x00000000c3100000, 0x00000000c3100000|100%| O|  |TAMS 0x00000000c3100000, 0x00000000c3000000| Untracked 
|  25|0x00000000c3100000, 0x00000000c3200000, 0x00000000c3200000|100%| O|  |TAMS 0x00000000c3200000, 0x00000000c3100000| Untracked 
|  26|0x00000000c3200000, 0x00000000c3300000, 0x00000000c3300000|100%| O|  |TAMS 0x00000000c3300000, 0x00000000c3200000| Untracked 
|  27|0x00000000c3300000, 0x00000000c3400000, 0x00000000c3400000|100%| O|  |TAMS 0x00000000c3381a00, 0x00000000c3300000| Untracked 
|  28|0x00000000c3400000, 0x00000000c3500000, 0x00000000c3500000|100%| O|  |TAMS 0x00000000c3400000, 0x00000000c3400000| Untracked 
|  29|0x00000000c3500000, 0x00000000c3569200, 0x00000000c3600000| 41%| O|  |TAMS 0x00000000c3500000, 0x00000000c3500000| Untracked 
|  30|0x00000000c3600000, 0x00000000c3600000, 0x00000000c3700000|  0%| F|  |TAMS 0x00000000c3600000, 0x00000000c3600000| Untracked 
|  31|0x00000000c3700000, 0x00000000c3700000, 0x00000000c3800000|  0%| F|  |TAMS 0x00000000c3700000, 0x00000000c3700000| Untracked 
|  32|0x00000000c3800000, 0x00000000c3800000, 0x00000000c3900000|  0%| F|  |TAMS 0x00000000c3800000, 0x00000000c3800000| Untracked 
|  33|0x00000000c3900000, 0x00000000c3900000, 0x00000000c3a00000|  0%| F|  |TAMS 0x00000000c3900000, 0x00000000c3900000| Untracked 
|  34|0x00000000c3a00000, 0x00000000c3a00000, 0x00000000c3b00000|  0%| F|  |TAMS 0x00000000c3a00000, 0x00000000c3a00000| Untracked 
|  35|0x00000000c3b00000, 0x00000000c3b00000, 0x00000000c3c00000|  0%| F|  |TAMS 0x00000000c3b00000, 0x00000000c3b00000| Untracked 
|  36|0x00000000c3c00000, 0x00000000c3c00000, 0x00000000c3d00000|  0%| F|  |TAMS 0x00000000c3c00000, 0x00000000c3c00000| Untracked 
|  37|0x00000000c3d00000, 0x00000000c3d00000, 0x00000000c3e00000|  0%| F|  |TAMS 0x00000000c3d00000, 0x00000000c3d00000| Untracked 
|  38|0x00000000c3e00000, 0x00000000c3e00000, 0x00000000c3f00000|  0%| F|  |TAMS 0x00000000c3e00000, 0x00000000c3e00000| Untracked 
|  39|0x00000000c3f00000, 0x00000000c3f69488, 0x00000000c4000000| 41%| S|CS|TAMS 0x00000000c3f00000, 0x00000000c3f00000| Complete 
|  40|0x00000000c4000000, 0x00000000c4000000, 0x00000000c4100000|  0%| F|  |TAMS 0x00000000c4000000, 0x00000000c4000000| Untracked 
|  41|0x00000000c4100000, 0x00000000c4100000, 0x00000000c4200000|  0%| F|  |TAMS 0x00000000c4100000, 0x00000000c4100000| Untracked 
|  42|0x00000000c4200000, 0x00000000c4200000, 0x00000000c4300000|  0%| F|  |TAMS 0x00000000c4200000, 0x00000000c4200000| Untracked 
|  43|0x00000000c4300000, 0x00000000c4300000, 0x00000000c4400000|  0%| F|  |TAMS 0x00000000c4300000, 0x00000000c4300000| Untracked 
|  44|0x00000000c4400000, 0x00000000c4500000, 0x00000000c4500000|100%| S|CS|TAMS 0x00000000c4400000, 0x00000000c4400000| Complete 
|  45|0x00000000c4500000, 0x00000000c4600000, 0x00000000c4600000|100%| S|CS|TAMS 0x00000000c4500000, 0x00000000c4500000| Complete 
|  46|0x00000000c4600000, 0x00000000c4700000, 0x00000000c4700000|100%| S|CS|TAMS 0x00000000c4600000, 0x00000000c4600000| Complete 
|  47|0x00000000c4700000, 0x00000000c4700000, 0x00000000c4800000|  0%| F|  |TAMS 0x00000000c4700000, 0x00000000c4700000| Untracked 
|  48|0x00000000c4800000, 0x00000000c4800000, 0x00000000c4900000|  0%| F|  |TAMS 0x00000000c4800000, 0x00000000c4800000| Untracked 
|  49|0x00000000c4900000, 0x00000000c4900000, 0x00000000c4a00000|  0%| F|  |TAMS 0x00000000c4900000, 0x00000000c4900000| Untracked 
|  50|0x00000000c4a00000, 0x00000000c4a00000, 0x00000000c4b00000|  0%| F|  |TAMS 0x00000000c4a00000, 0x00000000c4a00000| Untracked 
|  51|0x00000000c4b00000, 0x00000000c4b00000, 0x00000000c4c00000|  0%| F|  |TAMS 0x00000000c4b00000, 0x00000000c4b00000| Untracked 
|  52|0x00000000c4c00000, 0x00000000c4c00000, 0x00000000c4d00000|  0%| F|  |TAMS 0x00000000c4c00000, 0x00000000c4c00000| Untracked 
|  53|0x00000000c4d00000, 0x00000000c4d00000, 0x00000000c4e00000|  0%| F|  |TAMS 0x00000000c4d00000, 0x00000000c4d00000| Untracked 
|  54|0x00000000c4e00000, 0x00000000c4e00000, 0x00000000c4f00000|  0%| F|  |TAMS 0x00000000c4e00000, 0x00000000c4e00000| Untracked 
|  55|0x00000000c4f00000, 0x00000000c4f00000, 0x00000000c5000000|  0%| F|  |TAMS 0x00000000c4f00000, 0x00000000c4f00000| Untracked 
|  56|0x00000000c5000000, 0x00000000c5000000, 0x00000000c5100000|  0%| F|  |TAMS 0x00000000c5000000, 0x00000000c5000000| Untracked 
|  57|0x00000000c5100000, 0x00000000c5100000, 0x00000000c5200000|  0%| F|  |TAMS 0x00000000c5100000, 0x00000000c5100000| Untracked 
|  58|0x00000000c5200000, 0x00000000c5200000, 0x00000000c5300000|  0%| F|  |TAMS 0x00000000c5200000, 0x00000000c5200000| Untracked 
|  59|0x00000000c5300000, 0x00000000c539c1a8, 0x00000000c5400000| 60%| E|  |TAMS 0x00000000c5300000, 0x00000000c5300000| Complete 
|  60|0x00000000c5400000, 0x00000000c5500000, 0x00000000c5500000|100%| E|CS|TAMS 0x00000000c5400000, 0x00000000c5400000| Complete 
|  61|0x00000000c5500000, 0x00000000c5600000, 0x00000000c5600000|100%| E|  |TAMS 0x00000000c5500000, 0x00000000c5500000| Complete 
|  62|0x00000000c5600000, 0x00000000c5700000, 0x00000000c5700000|100%| E|CS|TAMS 0x00000000c5600000, 0x00000000c5600000| Complete 
|  63|0x00000000c5700000, 0x00000000c5800000, 0x00000000c5800000|100%| E|CS|TAMS 0x00000000c5700000, 0x00000000c5700000| Complete 
|  64|0x00000000c5800000, 0x00000000c5900000, 0x00000000c5900000|100%| E|CS|TAMS 0x00000000c5800000, 0x00000000c5800000| Complete 
|  65|0x00000000c5900000, 0x00000000c5a00000, 0x00000000c5a00000|100%| E|CS|TAMS 0x00000000c5900000, 0x00000000c5900000| Complete 
|  66|0x00000000c5a00000, 0x00000000c5b00000, 0x00000000c5b00000|100%| E|CS|TAMS 0x00000000c5a00000, 0x00000000c5a00000| Complete 
|  67|0x00000000c5b00000, 0x00000000c5c00000, 0x00000000c5c00000|100%| E|CS|TAMS 0x00000000c5b00000, 0x00000000c5b00000| Complete 
|  68|0x00000000c5c00000, 0x00000000c5d00000, 0x00000000c5d00000|100%| E|CS|TAMS 0x00000000c5c00000, 0x00000000c5c00000| Complete 
|  69|0x00000000c5d00000, 0x00000000c5e00000, 0x00000000c5e00000|100%| E|CS|TAMS 0x00000000c5d00000, 0x00000000c5d00000| Complete 
|  70|0x00000000c5e00000, 0x00000000c5f00000, 0x00000000c5f00000|100%| E|CS|TAMS 0x00000000c5e00000, 0x00000000c5e00000| Complete 
|  71|0x00000000c5f00000, 0x00000000c6000000, 0x00000000c6000000|100%| E|CS|TAMS 0x00000000c5f00000, 0x00000000c5f00000| Complete 
|  72|0x00000000c6000000, 0x00000000c6100000, 0x00000000c6100000|100%| E|CS|TAMS 0x00000000c6000000, 0x00000000c6000000| Complete 
|  73|0x00000000c6100000, 0x00000000c6200000, 0x00000000c6200000|100%| E|CS|TAMS 0x00000000c6100000, 0x00000000c6100000| Complete 
|  74|0x00000000c6200000, 0x00000000c6300000, 0x00000000c6300000|100%| E|CS|TAMS 0x00000000c6200000, 0x00000000c6200000| Complete 
|  75|0x00000000c6300000, 0x00000000c6400000, 0x00000000c6400000|100%| E|CS|TAMS 0x00000000c6300000, 0x00000000c6300000| Complete 
|  76|0x00000000c6400000, 0x00000000c6500000, 0x00000000c6500000|100%| E|CS|TAMS 0x00000000c6400000, 0x00000000c6400000| Complete 
|  77|0x00000000c6500000, 0x00000000c6600000, 0x00000000c6600000|100%| E|CS|TAMS 0x00000000c6500000, 0x00000000c6500000| Complete 

Card table byte_map: [0x00000243d4700000,0x00000243d4900000] _byte_map_base: 0x00000243d40f4000

Marking Bits (Prev, Next): (CMBitMap*) 0x00000243c17ee720, (CMBitMap*) 0x00000243c17ee760
 Prev Bits: [0x00000243d4b00000, 0x00000243d5aa0000)
 Next Bits: [0x00000243d5aa0000, 0x00000243d6a40000)

Polling page: 0x00000243bf730000

Metaspace:

Usage:
  Non-class:     66.24 MB capacity,    65.86 MB (>99%) used,   299.89 KB ( <1%) free+waste,    91.88 KB ( <1%) overhead. 
      Class:      9.56 MB capacity,     9.34 MB ( 98%) used,   191.88 KB (  2%) free+waste,    32.81 KB ( <1%) overhead. 
       Both:     75.80 MB capacity,    75.20 MB (>99%) used,   491.77 KB ( <1%) free+waste,   124.69 KB ( <1%) overhead. 

Virtual space:
  Non-class space:       68.00 MB reserved,      66.37 MB ( 98%) committed 
      Class space:        1.00 GB reserved,       9.57 MB ( <1%) committed 
             Both:        1.07 GB reserved,      75.95 MB (  7%) committed 

Chunk freelists:
   Non-Class:  6.00 KB
       Class:  2.00 KB
        Both:  8.00 KB

MaxMetaspaceSize: 17179869184.00 GB
CompressedClassSpaceSize: 1.00 GB

CodeHeap 'non-profiled nmethods': size=120000Kb used=2002Kb max_used=2656Kb free=117997Kb
 bounds [0x00000243ccca0000, 0x00000243ccf40000, 0x00000243d41d0000]
CodeHeap 'profiled nmethods': size=120000Kb used=9523Kb max_used=11622Kb free=110476Kb
 bounds [0x00000243c5770000, 0x00000243c62d0000, 0x00000243ccca0000]
CodeHeap 'non-nmethods': size=5760Kb used=1360Kb max_used=1426Kb free=4399Kb
 bounds [0x00000243c51d0000, 0x00000243c5440000, 0x00000243c5770000]
 total_blobs=6069 nmethods=5401 adapters=579
 compilation: enabled
              stopped_count=0, restarted_count=0
 full_count=0

Compilation events (20 events):
Event: 50.587 Thread 0x00000243d9dda6c0 6232       1       java.util.Calendar::getZone (5 bytes)
Event: 50.587 Thread 0x00000243d9dda6c0 nmethod 6232 0x00000243ccd1b110 code [0x00000243ccd1b2a0, 0x00000243ccd1b358]
Event: 50.587 Thread 0x00000243d9dda6c0 6233       3       java.util.TreeMap::compare (32 bytes)
Event: 50.587 Thread 0x00000243d9dda6c0 nmethod 6233 0x00000243c58d6810 code [0x00000243c58d69e0, 0x00000243c58d6db8]
Event: 50.588 Thread 0x00000243d9dda6c0 6234       3       com.mysql.cj.protocol.a.NativeServerSession::setStatusFlags (18 bytes)
Event: 50.588 Thread 0x00000243d9dda6c0 nmethod 6234 0x00000243c582fd10 code [0x00000243c582fea0, 0x00000243c582ffd8]
Event: 50.589 Thread 0x00000243d9dda6c0 6236       3       org.apache.tomcat.util.buf.MessageBytes::toString (88 bytes)
Event: 50.590 Thread 0x00000243d9dda6c0 nmethod 6236 0x00000243c5772990 code [0x00000243c5772ba0, 0x00000243c57733b8]
Event: 50.590 Thread 0x00000243d9dda6c0 6237       1       org.apache.tomcat.util.buf.MessageBytes::getByteChunk (5 bytes)
Event: 50.590 Thread 0x00000243d9dda6c0 nmethod 6237 0x00000243ccd1ad90 code [0x00000243ccd1af20, 0x00000243ccd1afd8]
Event: 50.590 Thread 0x00000243d9dda6c0 6238       1       org.apache.tomcat.util.buf.ByteChunk::getBuffer (5 bytes)
Event: 50.590 Thread 0x00000243d9dda6c0 nmethod 6238 0x00000243ccd02e10 code [0x00000243ccd02fa0, 0x00000243ccd03058]
Event: 50.694 Thread 0x00000243d9dd7c00 nmethod 6217 0x00000243cce8d010 code [0x00000243cce8d460, 0x00000243cce91a00]
Event: 50.694 Thread 0x00000243d9dd7c00 6216 %     4       java.util.Arrays::fill @ 5 (21 bytes)
Event: 50.708 Thread 0x00000243d9dd7c00 nmethod 6216% 0x00000243ccd60310 code [0x00000243ccd604a0, 0x00000243ccd60698]
Event: 50.708 Thread 0x00000243d9dd7c00 6222       4       java.util.ArrayList::indexOfRange (71 bytes)
Event: 50.709 Thread 0x00000243d9dd7c00 nmethod 6222 0x00000243ccd02a10 code [0x00000243ccd02ba0, 0x00000243ccd02cd8]
Event: 50.710 Thread 0x00000243d9dd7c00 6228       4       java.nio.MappedByteBuffer::limit (6 bytes)
Event: 50.710 Thread 0x00000243d9dd7c00 nmethod 6228 0x00000243ccd72210 code [0x00000243ccd72380, 0x00000243ccd72478]
Event: 50.710 Thread 0x00000243d9dd7c00 6206   !   4       jdk.internal.loader.BuiltinClassLoader::findClassOnClassPathOrNull (64 bytes)

GC Heap History (20 events):
Event: 4.273 GC heap before
{Heap before GC invocations=18 (full 0):
 garbage-first heap   total 55296K, used 43302K [0x00000000c1800000, 0x0000000100000000)
  region size 1024K, 28 young (28672K), 2 survivors (2048K)
 Metaspace       used 38392K, capacity 38743K, committed 38832K, reserved 1083392K
  class space    used 4462K, capacity 4560K, committed 4608K, reserved 1048576K
}
Event: 4.275 GC heap after
{Heap after GC invocations=19 (full 0):
 garbage-first heap   total 55296K, used 17854K [0x00000000c1800000, 0x0000000100000000)
  region size 1024K, 2 young (2048K), 2 survivors (2048K)
 Metaspace       used 38392K, capacity 38743K, committed 38832K, reserved 1083392K
  class space    used 4462K, capacity 4560K, committed 4608K, reserved 1048576K
}
Event: 4.628 GC heap before
{Heap before GC invocations=19 (full 0):
 garbage-first heap   total 55296K, used 43454K [0x00000000c1800000, 0x0000000100000000)
  region size 1024K, 28 young (28672K), 2 survivors (2048K)
 Metaspace       used 41241K, capacity 41633K, committed 41776K, reserved 1085440K
  class space    used 4749K, capacity 4883K, committed 4992K, reserved 1048576K
}
Event: 4.631 GC heap after
{Heap after GC invocations=20 (full 0):
 garbage-first heap   total 55296K, used 18669K [0x00000000c1800000, 0x0000000100000000)
  region size 1024K, 3 young (3072K), 3 survivors (3072K)
 Metaspace       used 41241K, capacity 41633K, committed 41776K, reserved 1085440K
  class space    used 4749K, capacity 4883K, committed 4992K, reserved 1048576K
}
Event: 5.297 GC heap before
{Heap before GC invocations=20 (full 0):
 garbage-first heap   total 55296K, used 43245K [0x00000000c1800000, 0x0000000100000000)
  region size 1024K, 28 young (28672K), 3 survivors (3072K)
 Metaspace       used 47095K, capacity 47550K, committed 47792K, reserved 1091584K
  class space    used 5447K, capacity 5608K, committed 5632K, reserved 1048576K
}
Event: 5.301 GC heap after
{Heap after GC invocations=21 (full 0):
 garbage-first heap   total 55296K, used 21931K [0x00000000c1800000, 0x0000000100000000)
  region size 1024K, 4 young (4096K), 4 survivors (4096K)
 Metaspace       used 47095K, capacity 47550K, committed 47792K, reserved 1091584K
  class space    used 5447K, capacity 5608K, committed 5632K, reserved 1048576K
}
Event: 5.417 GC heap before
{Heap before GC invocations=21 (full 0):
 garbage-first heap   total 55296K, used 42411K [0x00000000c1800000, 0x0000000100000000)
  region size 1024K, 25 young (25600K), 4 survivors (4096K)
 Metaspace       used 48531K, capacity 49066K, committed 49328K, reserved 1093632K
  class space    used 5584K, capacity 5771K, committed 5888K, reserved 1048576K
}
Event: 5.422 GC heap after
{Heap after GC invocations=22 (full 0):
 garbage-first heap   total 66560K, used 23897K [0x00000000c1800000, 0x0000000100000000)
  region size 1024K, 2 young (2048K), 2 survivors (2048K)
 Metaspace       used 48531K, capacity 49066K, committed 49328K, reserved 1093632K
  class space    used 5584K, capacity 5771K, committed 5888K, reserved 1048576K
}
Event: 5.640 GC heap before
{Heap before GC invocations=22 (full 0):
 garbage-first heap   total 66560K, used 49497K [0x00000000c1800000, 0x0000000100000000)
  region size 1024K, 28 young (28672K), 2 survivors (2048K)
 Metaspace       used 50181K, capacity 50630K, committed 50736K, reserved 1093632K
  class space    used 5804K, capacity 5968K, committed 6016K, reserved 1048576K
}
Event: 5.642 GC heap after
{Heap after GC invocations=23 (full 0):
 garbage-first heap   total 66560K, used 26078K [0x00000000c1800000, 0x0000000100000000)
  region size 1024K, 4 young (4096K), 4 survivors (4096K)
 Metaspace       used 50181K, capacity 50630K, committed 50736K, reserved 1093632K
  class space    used 5804K, capacity 5968K, committed 6016K, reserved 1048576K
}
Event: 6.027 GC heap before
{Heap before GC invocations=23 (full 0):
 garbage-first heap   total 66560K, used 50654K [0x00000000c1800000, 0x0000000100000000)
  region size 1024K, 29 young (29696K), 4 survivors (4096K)
 Metaspace       used 54552K, capacity 55053K, committed 55344K, reserved 1097728K
  class space    used 6524K, capacity 6714K, committed 6784K, reserved 1048576K
}
Event: 6.032 GC heap after
{Heap after GC invocations=24 (full 0):
 garbage-first heap   total 66560K, used 28044K [0x00000000c1800000, 0x0000000100000000)
  region size 1024K, 3 young (3072K), 3 survivors (3072K)
 Metaspace       used 54552K, capacity 55053K, committed 55344K, reserved 1097728K
  class space    used 6524K, capacity 6714K, committed 6784K, reserved 1048576K
}
Event: 6.376 GC heap before
{Heap before GC invocations=24 (full 0):
 garbage-first heap   total 66560K, used 50572K [0x00000000c1800000, 0x0000000100000000)
  region size 1024K, 26 young (26624K), 3 survivors (3072K)
 Metaspace       used 58661K, capacity 59185K, committed 59312K, reserved 1101824K
  class space    used 7097K, capacity 7299K, committed 7424K, reserved 1048576K
}
Event: 6.381 GC heap after
{Heap after GC invocations=25 (full 0):
 garbage-first heap   total 66560K, used 29993K [0x00000000c1800000, 0x0000000100000000)
  region size 1024K, 4 young (4096K), 4 survivors (4096K)
 Metaspace       used 58661K, capacity 59185K, committed 59312K, reserved 1101824K
  class space    used 7097K, capacity 7299K, committed 7424K, reserved 1048576K
}
Event: 6.430 GC heap before
{Heap before GC invocations=25 (full 0):
 garbage-first heap   total 66560K, used 33065K [0x00000000c1800000, 0x0000000100000000)
  region size 1024K, 8 young (8192K), 4 survivors (4096K)
 Metaspace       used 59462K, capacity 59954K, committed 60028K, reserved 1101824K
  class space    used 7213K, capacity 7405K, committed 7424K, reserved 1048576K
}
Event: 6.435 GC heap after
{Heap after GC invocations=26 (full 0):
 garbage-first heap   total 79872K, used 30374K [0x00000000c1800000, 0x0000000100000000)
  region size 1024K, 3 young (3072K), 3 survivors (3072K)
 Metaspace       used 59462K, capacity 59954K, committed 60028K, reserved 1101824K
  class space    used 7213K, capacity 7405K, committed 7424K, reserved 1048576K
}
Event: 7.077 GC heap before
{Heap before GC invocations=27 (full 0):
 garbage-first heap   total 79872K, used 62118K [0x00000000c1800000, 0x0000000100000000)
  region size 1024K, 34 young (34816K), 3 survivors (3072K)
 Metaspace       used 65872K, capacity 66392K, committed 66632K, reserved 1107968K
  class space    used 8110K, capacity 8334K, committed 8396K, reserved 1048576K
}
Event: 7.083 GC heap after
{Heap after GC invocations=28 (full 0):
 garbage-first heap   total 79872K, used 31821K [0x00000000c1800000, 0x0000000100000000)
  region size 1024K, 4 young (4096K), 4 survivors (4096K)
 Metaspace       used 65872K, capacity 66392K, committed 66632K, reserved 1107968K
  class space    used 8110K, capacity 8334K, committed 8396K, reserved 1048576K
}
Event: 49.741 GC heap before
{Heap before GC invocations=29 (full 0):
 garbage-first heap   total 79872K, used 62541K [0x00000000c1800000, 0x0000000100000000)
  region size 1024K, 35 young (35840K), 4 survivors (4096K)
 Metaspace       used 71851K, capacity 72354K, committed 72520K, reserved 1112064K
  class space    used 8966K, capacity 9145K, committed 9164K, reserved 1048576K
}
Event: 49.747 GC heap after
{Heap after GC invocations=30 (full 0):
 garbage-first heap   total 79872K, used 33326K [0x00000000c1800000, 0x0000000100000000)
  region size 1024K, 4 young (4096K), 4 survivors (4096K)
 Metaspace       used 71851K, capacity 72354K, committed 72520K, reserved 1112064K
  class space    used 8966K, capacity 9145K, committed 9164K, reserved 1048576K
}

Deoptimization events (20 events):
Event: 50.039 Thread 0x00000243dbc09d60 DEOPT PACKING pc=0x00000243c60430e9 sp=0x000000ff180f7e40
Event: 50.039 Thread 0x00000243dbc09d60 DEOPT UNPACKING pc=0x00000243c521e23f sp=0x000000ff180f72d0 mode 0
Event: 50.216 Thread 0x00000243dbc09d60 Uncommon trap: trap_request=0xffffff45 fr.pc=0x00000243ccd5c760 relative=0x00000000000000c0
Event: 50.216 Thread 0x00000243dbc09d60 Uncommon trap: reason=unstable_if action=reinterpret pc=0x00000243ccd5c760 method=java.lang.CharacterDataLatin1.isWhitespace(I)Z @ 14 c2
Event: 50.216 Thread 0x00000243dbc09d60 DEOPT PACKING pc=0x00000243ccd5c760 sp=0x000000ff180fa5b0
Event: 50.216 Thread 0x00000243dbc09d60 DEOPT UNPACKING pc=0x00000243c521e42f sp=0x000000ff180fa478 mode 2
Event: 50.216 Thread 0x00000243dbc09d60 Uncommon trap: trap_request=0xffffff45 fr.pc=0x00000243ccd04b80 relative=0x0000000000000080
Event: 50.216 Thread 0x00000243dbc09d60 Uncommon trap: reason=unstable_if action=reinterpret pc=0x00000243ccd04b80 method=java.lang.CharacterDataLatin1.isWhitespace(I)Z @ 14 c2
Event: 50.216 Thread 0x00000243dbc09d60 DEOPT PACKING pc=0x00000243ccd04b80 sp=0x000000ff180fa520
Event: 50.216 Thread 0x00000243dbc09d60 DEOPT UNPACKING pc=0x00000243c521e42f sp=0x000000ff180fa490 mode 2
Event: 50.548 Thread 0x00000243dbc0b570 DEOPT PACKING pc=0x00000243c603e31c sp=0x000000ff181f8760
Event: 50.548 Thread 0x00000243dbc0b570 DEOPT UNPACKING pc=0x00000243c521e23f sp=0x000000ff181f7bd8 mode 0
Event: 50.568 Thread 0x00000243dbc0b570 Uncommon trap: trap_request=0xffffffcc fr.pc=0x00000243cccf87f0 relative=0x00000000000002d0
Event: 50.568 Thread 0x00000243dbc0b570 Uncommon trap: reason=intrinsic_or_type_checked_inlining action=make_not_entrant pc=0x00000243cccf87f0 method=java.util.Arrays.copyOf([Ljava/lang/Object;ILjava/lang/Class;)[Ljava/lang/Object; @ 35 c2
Event: 50.568 Thread 0x00000243dbc0b570 DEOPT PACKING pc=0x00000243cccf87f0 sp=0x000000ff181fcfd0
Event: 50.568 Thread 0x00000243dbc0b570 DEOPT UNPACKING pc=0x00000243c521e42f sp=0x000000ff181fcf60 mode 2
Event: 50.577 Thread 0x00000243dbc0b570 DEOPT PACKING pc=0x00000243c601d7c0 sp=0x000000ff181fae60
Event: 50.577 Thread 0x00000243dbc0b570 DEOPT UNPACKING pc=0x00000243c521e23f sp=0x000000ff181fa2f8 mode 0
Event: 50.578 Thread 0x00000243dbc0b570 DEOPT PACKING pc=0x00000243c619a6cd sp=0x000000ff181fa6f0
Event: 50.578 Thread 0x00000243dbc0b570 DEOPT UNPACKING pc=0x00000243c521e23f sp=0x000000ff181f9c78 mode 0

Classes unloaded (0 events):
No events

Classes redefined (0 events):
No events

Internal exceptions (20 events):
Event: 7.019 Thread 0x00000243daf74a10 Exception <a 'java/lang/ClassNotFoundException'{0x00000000c471aba8}: org/springframework/beans/factory/BeanFactoryAwareCustomizer> (0x00000000c471aba8) 
thrown [./open/src/hotspot/share/classfile/systemDictionary.cpp, line 295]
Event: 7.021 Thread 0x00000243daf74a10 Exception <a 'java/lang/ClassNotFoundException'{0x00000000c47205a0}: org/springframework/beans/factory/AwareCustomizer> (0x00000000c47205a0) 
thrown [./open/src/hotspot/share/classfile/systemDictionary.cpp, line 295]
Event: 7.021 Thread 0x00000243daf74a10 Exception <a 'java/lang/ClassNotFoundException'{0x00000000c4724d40}: org/springframework/context/ApplicationEventPublisherAwareCustomizer> (0x00000000c4724d40) 
thrown [./open/src/hotspot/share/classfile/systemDictionary.cpp, line 295]
Event: 7.022 Thread 0x00000243daf74a10 Exception <a 'java/lang/ClassNotFoundException'{0x00000000c472a720}: org/springframework/beans/factory/AwareCustomizer> (0x00000000c472a720) 
thrown [./open/src/hotspot/share/classfile/systemDictionary.cpp, line 295]
Event: 7.027 Thread 0x00000243daf74a10 Exception <a 'java/lang/ClassNotFoundException'{0x00000000c4754e78}: java/lang/ObjectCustomizer> (0x00000000c4754e78) 
thrown [./open/src/hotspot/share/classfile/systemDictionary.cpp, line 295]
Event: 7.028 Thread 0x00000243daf74a10 Exception <a 'java/lang/ClassNotFoundException'{0x00000000c478c728}: org/springframework/core/io/support/PropertiesLoaderSupportCustomizer> (0x00000000c478c728) 
thrown [./open/src/hotspot/share/classfile/systemDictionary.cpp, line 295]
Event: 7.029 Thread 0x00000243daf74a10 Exception <a 'java/lang/ClassNotFoundException'{0x00000000c479a150}: org/springframework/beans/factory/config/PropertiesFactoryBeanCustomizer> (0x00000000c479a150) 
thrown [./open/src/hotspot/share/classfile/systemDictionary.cpp, line 295]
Event: 7.032 Thread 0x00000243daf74a10 Exception <a 'java/lang/ClassNotFoundException'{0x00000000c47af7a0}: org/springframework/beans/factory/FactoryBeanCustomizer> (0x00000000c47af7a0) 
thrown [./open/src/hotspot/share/classfile/systemDictionary.cpp, line 295]
Event: 7.033 Thread 0x00000243daf74a10 Exception <a 'java/lang/ClassNotFoundException'{0x00000000c47b6fc0}: org/springframework/beans/factory/InitializingBeanCustomizer> (0x00000000c47b6fc0) 
thrown [./open/src/hotspot/share/classfile/systemDictionary.cpp, line 295]
Event: 7.285 Thread 0x00000243dae70bb0 Exception <a 'java/lang/NoSuchMethodError'{0x00000000c5e105c0}: 'void java.lang.invoke.DirectMethodHandle$Holder.invokeInterface(java.lang.Object, java.lang.Object)'> (0x00000000c5e105c0) 
thrown [./open/src/hotspot/share/interpreter/linkResolver.cpp, line 782]
Event: 7.300 Thread 0x00000243dae70bb0 Exception <a 'java/lang/NoSuchMethodError'{0x00000000c5e9d8a8}: 'java.lang.Object java.lang.invoke.DirectMethodHandle$Holder.invokeStaticInit(java.lang.Object, java.lang.Object, java.lang.Object, java.lang.Object, int, int)'> (0x00000000c5e9d8a8) 
thrown [./open/src/hotspot/share/interpreter/linkResolver.cpp, line 782]
Event: 7.673 Thread 0x00000243daf74a10 Exception <a 'java/lang/ClassNotFoundException'{0x00000000c53b9840}: java/lang/ObjectCustomizer> (0x00000000c53b9840) 
thrown [./open/src/hotspot/share/classfile/systemDictionary.cpp, line 295]
Event: 7.674 Thread 0x00000243daf74a10 Exception <a 'java/lang/ClassNotFoundException'{0x00000000c53c3288}: com/capge/employeepayroll/model/EmployeePayrollDataCustomizer> (0x00000000c53c3288) 
thrown [./open/src/hotspot/share/classfile/systemDictionary.cpp, line 295]
Event: 7.700 Thread 0x00000243daf74a10 Exception <a 'java/lang/NoSuchMethodError'{0x00000000c52bcf80}: 'int java.lang.invoke.DirectMethodHandle$Holder.invokeVirtual(java.lang.Object, java.lang.Object, java.lang.Object)'> (0x00000000c52bcf80) 
thrown [./open/src/hotspot/share/interpreter/linkResolver.cpp, line 782]
Event: 7.729 Thread 0x00000243daf74a10 Exception <a 'java/lang/IncompatibleClassChangeError'{0x00000000c51f9300}: Found class java.lang.Object, but interface was expected> (0x00000000c51f9300) 
thrown [./open/src/hotspot/share/interpreter/linkResolver.cpp, line 848]
Event: 49.991 Thread 0x00000243dbc09d60 Exception <a 'java/lang/NoSuchMethodError'{0x00000000c5e20058}: 'java.lang.Object java.lang.invoke.DirectMethodHandle$Holder.newInvokeSpecial(java.lang.Object, java.lang.Object, java.lang.Object, java.lang.Object, java.lang.Object, java.lang.Object, java.lang.Object)'> (0x00000000c5e20058) 
thrown [./open/src/hotspot/share/interpreter/linkResolver.cpp, line 782]
Event: 49.992 Thread 0x00000243dbc09d60 Exception <a 'java/lang/NoSuchMethodError'{0x00000000c5e24e10}: 'java.lang.Object java.lang.invoke.Invokers$Holder.linkToTargetMethod(java.lang.Object, java.lang.Object, java.lang.Object, java.lang.Object, java.lang.Object, java.lang.Object, java.lang.Object)'> (0x00000000c5e24e10) 
thrown [./open/src/hotspot/share/interpreter/linkResolver.cpp, line 782]
Event: 50.027 Thread 0x00000243dbc09d60 Exception <a 'java/lang/ClassNotFoundException'{0x00000000c5d919b0}: java/lang/ObjectCustomizer> (0x00000000c5d919b0) 
thrown [./open/src/hotspot/share/classfile/systemDictionary.cpp, line 295]
Event: 50.029 Thread 0x00000243dbc09d60 Exception <a 'java/lang/ClassNotFoundException'{0x00000000c5d9f3a8}: com/capge/employeepayroll/model/EmployeePayrollDataCustomizer> (0x00000000c5d9f3a8) 
thrown [./open/src/hotspot/share/classfile/systemDictionary.cpp, line 295]
Event: 50.559 Thread 0x00000243dbc0b570 Exception <a 'java/lang/NoSuchMethodError'{0x00000000c5302860}: 'java.lang.Object java.lang.invoke.DirectMethodHandle$Holder.invokeStaticInit(java.lang.Object, java.lang.Object, java.lang.Object, java.lang.Object, java.lang.Object, java.lang.Object)'> (0x00000000c5302860) 
thrown [./open/src/hotspot/share/interpreter/linkResolver.cpp, line 782]

Events (20 events):
Event: 50.386 Thread 0x00000243d9ddd770 flushing nmethod 0x00000243c60d6d10
Event: 50.386 Thread 0x00000243d9ddd770 flushing nmethod 0x00000243c60e3e10
Event: 50.386 Thread 0x00000243d9ddd770 flushing nmethod 0x00000243c60ef790
Event: 50.386 Thread 0x00000243d9ddd770 flushing nmethod 0x00000243c60f7090
Event: 50.386 Thread 0x00000243d9ddd770 flushing nmethod 0x00000243c611a490
Event: 50.386 Thread 0x00000243d9ddd770 flushing nmethod 0x00000243c6135790
Event: 50.386 Thread 0x00000243d9ddd770 flushing nmethod 0x00000243c615cc10
Event: 50.386 Thread 0x00000243d9ddd770 flushing nmethod 0x00000243c6168810
Event: 50.386 Executing VM operation: ICBufferFull
Event: 50.387 Executing VM operation: ICBufferFull done
Event: 50.387 Executing VM operation: HandshakeAllThreads
Event: 50.387 Thread 0x00000243d9ddd770 flushing nmethod 0x00000243c6196a10
Event: 50.387 Executing VM operation: HandshakeAllThreads done
Event: 50.387 Thread 0x00000243d9ddd770 flushing nmethod 0x00000243c61c5110
Event: 50.387 Thread 0x00000243d9ddd770 flushing nmethod 0x00000243c61c5a10
Event: 50.387 Thread 0x00000243d9ddd770 flushing nmethod 0x00000243c61fc390
Event: 50.387 Thread 0x00000243d9ddd770 flushing nmethod 0x00000243c620e190
Event: 50.387 Thread 0x00000243d9ddd770 flushing nmethod 0x00000243c623ae10
Event: 50.387 Thread 0x00000243d9ddd770 flushing nmethod 0x00000243c624b110
Event: 50.387 Thread 0x00000243d9ddd770 flushing nmethod 0x00000243c6277490


Dynamic libraries:
0x00007ff6eea00000 - 0x00007ff6eea0d000 	C:\Users\DELL\Desktop\software\sts-4.8.1.RELEASE\plugins\org.eclipse.justj.openjdk.hotspot.jre.full.win32.x86_64_15.0.0.v20201014-1246\jre\bin\javaw.exe
0x00007ff9afa10000 - 0x00007ff9afc06000 	C:\WINDOWS\SYSTEM32\ntdll.dll
0x00007ff9af310000 - 0x00007ff9af3cd000 	C:\WINDOWS\System32\KERNEL32.DLL
0x00007ff9ad150000 - 0x00007ff9ad419000 	C:\WINDOWS\System32\KERNELBASE.dll
0x00007ff9ad700000 - 0x00007ff9ad800000 	C:\WINDOWS\System32\ucrtbase.dll
0x00007ff99c960000 - 0x00007ff99c979000 	C:\Users\DELL\Desktop\software\sts-4.8.1.RELEASE\plugins\org.eclipse.justj.openjdk.hotspot.jre.full.win32.x86_64_15.0.0.v20201014-1246\jre\bin\VCRUNTIME140.dll
0x00007ff9a7db0000 - 0x00007ff9a7dc8000 	C:\Users\DELL\Desktop\software\sts-4.8.1.RELEASE\plugins\org.eclipse.justj.openjdk.hotspot.jre.full.win32.x86_64_15.0.0.v20201014-1246\jre\bin\jli.dll
0x00007ff9adf80000 - 0x00007ff9ae120000 	C:\WINDOWS\System32\USER32.dll
0x00007ff9ad6d0000 - 0x00007ff9ad6f2000 	C:\WINDOWS\System32\win32u.dll
0x00007ff9af0c0000 - 0x00007ff9af0ea000 	C:\WINDOWS\System32\GDI32.dll
0x00007ff9a2480000 - 0x00007ff9a271b000 	C:\WINDOWS\WinSxS\amd64_microsoft.windows.common-controls_6595b64144ccf1df_6.0.19041.488_none_ca04af081b815d21\COMCTL32.dll
0x00007ff9ad800000 - 0x00007ff9ad909000 	C:\WINDOWS\System32\gdi32full.dll
0x00007ff9af3d0000 - 0x00007ff9af46e000 	C:\WINDOWS\System32\msvcrt.dll
0x00007ff9ad420000 - 0x00007ff9ad4bd000 	C:\WINDOWS\System32\msvcp_win.dll
0x00007ff9af280000 - 0x00007ff9af2b0000 	C:\WINDOWS\System32\IMM32.DLL
0x00007ff9a6a70000 - 0x00007ff9a6a7c000 	C:\Users\DELL\Desktop\software\sts-4.8.1.RELEASE\plugins\org.eclipse.justj.openjdk.hotspot.jre.full.win32.x86_64_15.0.0.v20201014-1246\jre\bin\vcruntime140_1.dll
0x00007ff97f140000 - 0x00007ff97f1d1000 	C:\Users\DELL\Desktop\software\sts-4.8.1.RELEASE\plugins\org.eclipse.justj.openjdk.hotspot.jre.full.win32.x86_64_15.0.0.v20201014-1246\jre\bin\msvcp140.dll
0x00007ff976cf0000 - 0x00007ff97784c000 	C:\Users\DELL\Desktop\software\sts-4.8.1.RELEASE\plugins\org.eclipse.justj.openjdk.hotspot.jre.full.win32.x86_64_15.0.0.v20201014-1246\jre\bin\server\jvm.dll
0x00007ff9ae3e0000 - 0x00007ff9ae48c000 	C:\WINDOWS\System32\ADVAPI32.dll
0x00007ff9af150000 - 0x00007ff9af1ec000 	C:\WINDOWS\System32\sechost.dll
0x00007ff9ae500000 - 0x00007ff9ae62b000 	C:\WINDOWS\System32\RPCRT4.dll
0x00007ff9ae6b0000 - 0x00007ff9ae6b8000 	C:\WINDOWS\System32\PSAPI.DLL
0x00007ff99f610000 - 0x00007ff99f619000 	C:\WINDOWS\SYSTEM32\WSOCK32.dll
0x00007ff9ae490000 - 0x00007ff9ae4fb000 	C:\WINDOWS\System32\WS2_32.dll
0x00007ff9a21b0000 - 0x00007ff9a21d7000 	C:\WINDOWS\SYSTEM32\WINMM.dll
0x00007ff9a5300000 - 0x00007ff9a530a000 	C:\WINDOWS\SYSTEM32\VERSION.dll
0x00007ff9aba80000 - 0x00007ff9aba92000 	C:\WINDOWS\SYSTEM32\kernel.appcore.dll
0x00007ff9a8040000 - 0x00007ff9a804a000 	C:\Users\DELL\Desktop\software\sts-4.8.1.RELEASE\plugins\org.eclipse.justj.openjdk.hotspot.jre.full.win32.x86_64_15.0.0.v20201014-1246\jre\bin\jimage.dll
0x00007ff9aaf90000 - 0x00007ff9ab174000 	C:\WINDOWS\SYSTEM32\DBGHELP.DLL
0x00007ff9a52d0000 - 0x00007ff9a52fc000 	C:\WINDOWS\SYSTEM32\dbgcore.DLL
0x00007ff9ad620000 - 0x00007ff9ad6a0000 	C:\WINDOWS\System32\bcryptPrimitives.dll
0x00007ff9a59a0000 - 0x00007ff9a59c5000 	C:\Users\DELL\Desktop\software\sts-4.8.1.RELEASE\plugins\org.eclipse.justj.openjdk.hotspot.jre.full.win32.x86_64_15.0.0.v20201014-1246\jre\bin\java.dll
0x00007ff9a7880000 - 0x00007ff9a7898000 	C:\Users\DELL\Desktop\software\sts-4.8.1.RELEASE\plugins\org.eclipse.justj.openjdk.hotspot.jre.full.win32.x86_64_15.0.0.v20201014-1246\jre\bin\zip.dll
0x00007ff9ae840000 - 0x00007ff9aef82000 	C:\WINDOWS\System32\SHELL32.dll
0x00007ff9ab280000 - 0x00007ff9aba15000 	C:\WINDOWS\SYSTEM32\windows.storage.dll
0x00007ff9adc20000 - 0x00007ff9adf76000 	C:\WINDOWS\System32\combase.dll
0x00007ff9acbc0000 - 0x00007ff9acbec000 	C:\WINDOWS\SYSTEM32\Wldp.dll
0x00007ff9ae6c0000 - 0x00007ff9ae76e000 	C:\WINDOWS\System32\SHCORE.dll
0x00007ff9af0f0000 - 0x00007ff9af145000 	C:\WINDOWS\System32\shlwapi.dll
0x00007ff9ad080000 - 0x00007ff9ad0a6000 	C:\WINDOWS\SYSTEM32\profapi.dll
0x00007ff9a5880000 - 0x00007ff9a5899000 	C:\Users\DELL\Desktop\software\sts-4.8.1.RELEASE\plugins\org.eclipse.justj.openjdk.hotspot.jre.full.win32.x86_64_15.0.0.v20201014-1246\jre\bin\net.dll
0x00007ff9a35c0000 - 0x00007ff9a36c0000 	C:\WINDOWS\SYSTEM32\WINHTTP.dll
0x00007ff9ac940000 - 0x00007ff9ac9aa000 	C:\WINDOWS\system32\mswsock.dll
0x00007ff9a3e30000 - 0x00007ff9a3e42000 	C:\Users\DELL\Desktop\software\sts-4.8.1.RELEASE\plugins\org.eclipse.justj.openjdk.hotspot.jre.full.win32.x86_64_15.0.0.v20201014-1246\jre\bin\nio.dll
0x00007ff9a77a0000 - 0x00007ff9a77b0000 	C:\Users\DELL\Desktop\software\sts-4.8.1.RELEASE\plugins\org.eclipse.justj.openjdk.hotspot.jre.full.win32.x86_64_15.0.0.v20201014-1246\jre\bin\verify.dll
0x00007ff9a6590000 - 0x00007ff9a6599000 	C:\Users\DELL\Desktop\software\sts-4.8.1.RELEASE\plugins\org.eclipse.justj.openjdk.hotspot.jre.full.win32.x86_64_15.0.0.v20201014-1246\jre\bin\management.dll
0x00007ff9a5b40000 - 0x00007ff9a5b4b000 	C:\Users\DELL\Desktop\software\sts-4.8.1.RELEASE\plugins\org.eclipse.justj.openjdk.hotspot.jre.full.win32.x86_64_15.0.0.v20201014-1246\jre\bin\management_ext.dll
0x00007ff98dbc0000 - 0x00007ff98dbd7000 	C:\WINDOWS\system32\napinsp.dll
0x00007ff98dba0000 - 0x00007ff98dbbb000 	C:\WINDOWS\system32\pnrpnsp.dll
0x00007ff9a8640000 - 0x00007ff9a8655000 	C:\WINDOWS\system32\wshbth.dll
0x00007ff9a78b0000 - 0x00007ff9a78cd000 	C:\WINDOWS\system32\NLAapi.dll
0x00007ff9ac5e0000 - 0x00007ff9ac61b000 	C:\WINDOWS\SYSTEM32\IPHLPAPI.DLL
0x00007ff9ac620000 - 0x00007ff9ac6eb000 	C:\WINDOWS\SYSTEM32\DNSAPI.dll
0x00007ff9af4d0000 - 0x00007ff9af4d8000 	C:\WINDOWS\System32\NSI.dll
0x00007ff98db50000 - 0x00007ff98db62000 	C:\WINDOWS\System32\winrnr.dll
0x00007ff9a3140000 - 0x00007ff9a314a000 	C:\Windows\System32\rasadhlp.dll
0x00007ff9a2d60000 - 0x00007ff9a2ddf000 	C:\WINDOWS\System32\fwpuclnt.dll
0x00007ff9ad6a0000 - 0x00007ff9ad6c7000 	C:\WINDOWS\System32\bcrypt.dll
0x0000000180000000 - 0x0000000180285000 	C:\ProgramData\chocolatey\lib\Tomcat\tools\apache-tomcat-9.0.40\bin\tcnative-1.dll
0x00007ff9ad4c0000 - 0x00007ff9ad61d000 	C:\WINDOWS\System32\CRYPT32.dll
0x00007ff9acb10000 - 0x00007ff9acb28000 	C:\WINDOWS\SYSTEM32\CRYPTSP.dll
0x00007ff9ac260000 - 0x00007ff9ac294000 	C:\WINDOWS\system32\rsaenh.dll
0x00007ff9ad000000 - 0x00007ff9ad02e000 	C:\WINDOWS\SYSTEM32\USERENV.dll
0x00007ff9acb30000 - 0x00007ff9acb3c000 	C:\WINDOWS\SYSTEM32\CRYPTBASE.dll
0x00007ff9a60f0000 - 0x00007ff9a6107000 	C:\WINDOWS\SYSTEM32\dhcpcsvc6.DLL
0x00007ff9a6340000 - 0x00007ff9a635d000 	C:\WINDOWS\SYSTEM32\dhcpcsvc.DLL
0x00007ff9a7660000 - 0x00007ff9a766d000 	C:\Users\DELL\Desktop\software\sts-4.8.1.RELEASE\plugins\org.eclipse.justj.openjdk.hotspot.jre.full.win32.x86_64_15.0.0.v20201014-1246\jre\bin\sunmscapi.dll
0x00007ff9acc30000 - 0x00007ff9acc57000 	C:\WINDOWS\SYSTEM32\ncrypt.dll
0x00007ff9acbf0000 - 0x00007ff9acc2b000 	C:\WINDOWS\SYSTEM32\NTASN1.dll

dbghelp: loaded successfully - version: 4.0.5 - missing functions: none
symbol engine: initialized successfully - sym options: 0x614 - pdb path: .;C:\Users\DELL\Desktop\software\sts-4.8.1.RELEASE\plugins\org.eclipse.justj.openjdk.hotspot.jre.full.win32.x86_64_15.0.0.v20201014-1246\jre\bin;C:\WINDOWS\SYSTEM32;C:\WINDOWS\WinSxS\amd64_microsoft.windows.common-controls_6595b64144ccf1df_6.0.19041.488_none_ca04af081b815d21;C:\Users\DELL\Desktop\software\sts-4.8.1.RELEASE\plugins\org.eclipse.justj.openjdk.hotspot.jre.full.win32.x86_64_15.0.0.v20201014-1246\jre\bin\server;C:\ProgramData\chocolatey\lib\Tomcat\tools\apache-tomcat-9.0.40\bin

VM Arguments:
jvm_args: -Dfile.encoding=UTF-8 -XX:+ShowCodeDetailsInExceptionMessages 
java_command: com.capge.employeepayroll.EmployeePayrollApplication
java_class_path (initial): C:\Users\DELL\Documents\workspace-spring-tool-suite-4-4.8.1.RELEASE\EmployeePayroll\target\classes;C:\Users\DELL\.m2\repository\org\springframework\boot\spring-boot-starter\2.4.0\spring-boot-starter-2.4.0.jar;C:\Users\DELL\.m2\repository\org\springframework\boot\spring-boot\2.4.0\spring-boot-2.4.0.jar;C:\Users\DELL\.m2\repository\org\springframework\spring-context\5.3.1\spring-context-5.3.1.jar;C:\Users\DELL\.m2\repository\org\springframework\boot\spring-boot-autoconfigure\2.4.0\spring-boot-autoconfigure-2.4.0.jar;C:\Users\DELL\.m2\repository\org\springframework\boot\spring-boot-starter-logging\2.4.0\spring-boot-starter-logging-2.4.0.jar;C:\Users\DELL\.m2\repository\ch\qos\logback\logback-classic\1.2.3\logback-classic-1.2.3.jar;C:\Users\DELL\.m2\repository\ch\qos\logback\logback-core\1.2.3\logback-core-1.2.3.jar;C:\Users\DELL\.m2\repository\org\apache\logging\log4j\log4j-to-slf4j\2.13.3\log4j-to-slf4j-2.13.3.jar;C:\Users\DELL\.m2\repository\org\apache\logging\log4j\log4j-api\2.13.3\log4j-api-2.13.3.jar;C:\Users\DELL\.m2\repository\org\slf4j\jul-to-slf4j\1.7.30\jul-to-slf4j-1.7.30.jar;C:\Users\DELL\.m2\repository\jakarta\annotation\jakarta.annotation-api\1.3.5\jakarta.annotation-api-1.3.5.jar;C:\Users\DELL\.m2\repository\org\springframework\spring-core\5.3.1\spring-core-5.3.1.jar;C:\Users\DELL\.m2\repository\org\springframework\spring-jcl\5.3.1\spring-jcl-5.3.1.jar;C:\Users\DELL\.m2\repository\org\yaml\snakeyaml\1.27\snakeyaml-1.27.jar;C:\Users\DELL\.m2\repository\org\springframework\boot\spring-boot-starter-web\2.4.0\spring-boot-starter-web-2.4.0.jar;C:\Users\DELL\.m2\repository\org\springframework\boot\spring-boot-starter-json\2.4.0\spring-boot-starter-json-2.4.0.jar;C:\Users\DELL\.m2\repository\com\fasterxml\jackson\core\jackson-databind\2.11.3\jackson-databind-2.11.3.jar;C:\Users\DELL\.m2\repository\com\fasterxml\jackson\core\jackson-core\2.11.3\jackson-core-2.11.3.jar;C:\Users\DELL\.m2\repository\com\fasterxml\jackson\datatype\jackso
Launcher Type: SUN_STANDARD

[Global flags]
     intx CICompilerCount                          = 4                                         {product} {ergonomic}
     uint ConcGCThreads                            = 2                                         {product} {ergonomic}
     uint G1ConcRefinementThreads                  = 8                                         {product} {ergonomic}
   size_t G1HeapRegionSize                         = 1048576                                   {product} {ergonomic}
    uintx GCDrainStackTargetSize                   = 64                                        {product} {ergonomic}
   size_t InitialHeapSize                          = 67108864                                  {product} {ergonomic}
   size_t MarkStackSize                            = 4194304                                   {product} {ergonomic}
   size_t MaxHeapSize                              = 1048576000                                {product} {ergonomic}
   size_t MaxNewSize                               = 629145600                                 {product} {ergonomic}
   size_t MinHeapDeltaBytes                        = 1048576                                   {product} {ergonomic}
   size_t MinHeapSize                              = 8388608                                   {product} {ergonomic}
    uintx NonNMethodCodeHeapSize                   = 5839372                                {pd product} {ergonomic}
    uintx NonProfiledCodeHeapSize                  = 122909434                              {pd product} {ergonomic}
    uintx ProfiledCodeHeapSize                     = 122909434                              {pd product} {ergonomic}
    uintx ReservedCodeCacheSize                    = 251658240                              {pd product} {ergonomic}
     bool SegmentedCodeCache                       = true                                      {product} {ergonomic}
     bool ShowCodeDetailsInExceptionMessages       = true                                   {manageable} {command line}
   size_t SoftMaxHeapSize                          = 1048576000                             {manageable} {ergonomic}
     bool UseCompressedClassPointers               = true                                 {lp64_product} {ergonomic}
     bool UseCompressedOops                        = true                                 {lp64_product} {ergonomic}
     bool UseG1GC                                  = true                                      {product} {ergonomic}
     bool UseLargePagesIndividualAllocation        = false                                  {pd product} {ergonomic}

Logging:
Log output configuration:
 #0: stdout all=warning uptime,level,tags
 #1: stderr all=off uptime,level,tags

Environment Variables:
JAVA_HOME=C:\Program Files\Java\jdk-14.0.1
PATH=C:/Users/DELL/Desktop/software/sts-4.8.1.RELEASE//plugins/org.eclipse.justj.openjdk.hotspot.jre.full.win32.x86_64_15.0.0.v20201014-1246/jre/bin/server;C:/Users/DELL/Desktop/software/sts-4.8.1.RELEASE//plugins/org.eclipse.justj.openjdk.hotspot.jre.full.win32.x86_64_15.0.0.v20201014-1246/jre/bin;C:\Program Files\Common Files\Oracle\Java\javapath;C:\WINDOWS\system32;C:\WINDOWS;C:\WINDOWS\System32\Wbem;C:\WINDOWS\System32\WindowsPowerShell\v1.0\;C:\WINDOWS\System32\OpenSSH\;C:\Program Files\nodejs\;C:\Program Files\Git\cmd;C:\Program Files\Java\jdk-14.0.1\bin;C:\Program Files\OpenJDK\openjdk-11.0.9_11\bin;C:\ProgramData\chocolatey\bin;C:\Program Files\OpenJDK\openjdk-11.0.9_11\bin;C:\ProgramData\chocolatey\lib\Tomcat\tools\apache-tomcat-9.0.40\bin;C:\Program Files\MySQL\MySQL Shell 8.0\bin\;C:\Program Files\nodejs\node.exe;C:\Users\DELL\Desktop\html\sublime\javascript\Microsoft VS Code\bin;C:\Users\DELL\AppData\Local\Microsoft\WindowsApps;C:\Users\DELL\AppData\Local\Programs\Microsoft VS Code\bin;C:\ProgramData\chocolatey\lib\Tomcat\tools\apache-tomcat-9.0.40.\bin;C:\Users\DELL\AppData\Roaming\npm;C:\Users\DELL\Desktop\nginx\nginx-1.18.0;;C:\Users\DELL\Desktop\software\sts-4.8.1.RELEASE;
USERNAME=DELL
OS=Windows_NT
PROCESSOR_IDENTIFIER=Intel64 Family 6 Model 142 Stepping 10, GenuineIntel



---------------  S Y S T E M  ---------------

OS:
 Windows 10 , 64 bit Build 19041 (10.0.19041.662)
OS uptime: 11 days 7:19 hours

CPU: total 8 (initial active 8) (4 cores per cpu, 2 threads per core) family 6 model 142 stepping 10, cmov, cx8, fxsr, mmx, sse, sse2, sse3, ssse3, sse4.1, sse4.2, popcnt, vzeroupper, avx, avx2, aes, clmul, erms, 3dnowpref, lzcnt, ht, tsc, tscinvbit, bmi1, bmi2, adx, fma, clflush, clflushopt

Memory: 4k page, system-wide physical 3993M (254M free)
TotalPageFile size 10137M (AvailPageFile size 26M)
current process WorkingSet (physical memory assigned to process): 265M, peak: 287M
current process commit charge ("private bytes"): 299M, peak: 319M

vm_info: OpenJDK 64-Bit Server VM (15+36-1562) for windows-amd64 JRE (15+36-1562), built on Aug 11 2020 22:33:04 by "mach5one" with unknown MS VC++:1925

END.
